[9.2.2025, 10:53:48] info: Logging was started to file.
[9.2.2025, 10:53:48] info: Start application inspector initialization
[9.2.2025, 10:53:48] info: Hide developer mode UI
[9.2.2025, 10:53:49] info: Infrastructure Configurations: {"port":8000,"infrastructureAssemblyFolderPath":"C:\\Users\\fionu_j7j6wq2\\AppData\\Local\\Application Inspector Analyzer","applicationResourcesFolderPath":"C:\\Users\\fionu_j7j6wq2\\AppData\\Local\\Application Inspector Analyzer","scanTargetFolderPath":"c:\\Users\\fionu_j7j6wq2\\OneDrive\\Dokumente\\Daten Fiona\\AIUB\\Code","isDebugging":false,"logLevel":{"q8_1":"Error","r8_1":5,"type":5,"key":"Settings.LogLevel.Error.Text"},"logDir":"c:\\Users\\fionu_j7j6wq2\\OneDrive\\Dokumente\\Daten Fiona\\AIUB\\Code\\.ai\\Logs\\Infrastructure\\2025-02-09-10-53-49","tipsFoundNotificationThreshold":1000,"similarIssuesFoundNotificationThreshold":1000,"applicationLocalDataFolderPath":"c:\\Users\\fionu_j7j6wq2\\OneDrive\\Dokumente\\Daten Fiona\\AIUB\\Code\\.ai"}
[9.2.2025, 10:53:49] info: Start infrastructure initialization
[9.2.2025, 10:53:56] info: Infrastructure was started
[9.2.2025, 10:54:03] info: Initialize aie integration isn't initialized
[9.2.2025, 10:54:03] info: Infrastructure was initialized
[9.2.2025, 10:54:03] info: Infrastructure Installer was deleted
[9.2.2025, 10:54:05] warn: Localization 1031 was not found for apache mod_negotiation resource location disclosure
[9.2.2025, 10:54:05] warn: Localization 1031 was not found for arbitrary directory copying
[9.2.2025, 10:54:05] warn: Localization 1031 was not found for arbitrary directory creation
[9.2.2025, 10:54:05] warn: Localization 1031 was not found for arbitrary directory deletion
[9.2.2025, 10:54:05] warn: Localization 1031 was not found for arbitrary directory listing
[9.2.2025, 10:54:05] warn: Localization 1031 was not found for arbitrary directory moving
[9.2.2025, 10:54:05] warn: Localization 1031 was not found for arbitrary file copying
[9.2.2025, 10:54:05] warn: Localization 1031 was not found for arbitrary file creation
[9.2.2025, 10:54:05] warn: Localization 1031 was not found for arbitrary file deletion
[9.2.2025, 10:54:05] warn: Localization 1031 was not found for arbitrary file modification
[9.2.2025, 10:54:05] warn: Localization 1031 was not found for arbitrary file moving
[9.2.2025, 10:54:05] warn: Localization 1031 was not found for arbitrary file reading
[9.2.2025, 10:54:05] warn: Localization 1031 was not found for cookie injection
[9.2.2025, 10:54:05] warn: Localization 1031 was not found for credentials brute-force
[9.2.2025, 10:54:05] warn: Localization 1031 was not found for cross-site request forgery
[9.2.2025, 10:54:05] warn: Localization 1031 was not found for cross-site scripting
[9.2.2025, 10:54:05] warn: Localization 1031 was not found for cursor injection
[9.2.2025, 10:54:05] warn: Localization 1031 was not found for cursor sqli
[9.2.2025, 10:54:05] warn: Localization 1031 was not found for default
[9.2.2025, 10:54:05] warn: Localization 1031 was not found for denial of service
[9.2.2025, 10:54:05] warn: Localization 1031 was not found for deserialization of untrusted data
[9.2.2025, 10:54:05] warn: Localization 1031 was not found for df
[9.2.2025, 10:54:05] warn: Localization 1031 was not found for djangoorminjection
[9.2.2025, 10:54:05] warn: Localization 1031 was not found for dll injection
[9.2.2025, 10:54:05] warn: Localization 1031 was not found for double free
[9.2.2025, 10:54:05] warn: Localization 1031 was not found for dynamic code injection
[9.2.2025, 10:54:05] warn: Localization 1031 was not found for dynamic query injection
[9.2.2025, 10:54:05] warn: Localization 1031 was not found for external control of configuration
[9.2.2025, 10:54:05] warn: Localization 1031 was not found for fingerprinting
[9.2.2025, 10:54:05] warn: Localization 1031 was not found for format string
[9.2.2025, 10:54:05] warn: Localization 1031 was not found for hardcoded password
[9.2.2025, 10:54:05] warn: Localization 1031 was not found for heap overflow
[9.2.2025, 10:54:05] warn: Localization 1031 was not found for http header injection
[9.2.2025, 10:54:05] warn: Localization 1031 was not found for http request splitting
[9.2.2025, 10:54:05] warn: Localization 1031 was not found for http response splitting
[9.2.2025, 10:54:05] warn: Localization 1031 was not found for improper access control taint
[9.2.2025, 10:54:05] warn: Localization 1031 was not found for improper resource shutdown or release
[9.2.2025, 10:54:05] warn: Localization 1031 was not found for information exposure
[9.2.2025, 10:54:05] warn: Localization 1031 was not found for injection
[9.2.2025, 10:54:05] warn: Localization 1031 was not found for insecure direct object references
[9.2.2025, 10:54:05] warn: Localization 1031 was not found for insufficient session expiration
[9.2.2025, 10:54:05] warn: Localization 1031 was not found for integer overflow
[9.2.2025, 10:54:05] warn: Localization 1031 was not found for ldap injection
[9.2.2025, 10:54:05] warn: Localization 1031 was not found for like injection
[9.2.2025, 10:54:05] warn: Localization 1031 was not found for linq injection
[9.2.2025, 10:54:05] warn: Localization 1031 was not found for local file inclusion
[9.2.2025, 10:54:05] warn: Localization 1031 was not found for log forging
[9.2.2025, 10:54:05] warn: Localization 1031 was not found for nosql injection
[9.2.2025, 10:54:05] warn: Localization 1031 was not found for null dereference
[9.2.2025, 10:54:05] warn: Localization 1031 was not found for object injection
[9.2.2025, 10:54:05] warn: Localization 1031 was not found for open redirect
[9.2.2025, 10:54:05] warn: Localization 1031 was not found for orm injection
[9.2.2025, 10:54:05] warn: Localization 1031 was not found for os commanding
[9.2.2025, 10:54:05] warn: Localization 1031 was not found for padding oracle attack
[9.2.2025, 10:54:05] warn: Localization 1031 was not found for path traversal
[9.2.2025, 10:54:05] warn: Localization 1031 was not found for persistent cookie exposing
[9.2.2025, 10:54:05] warn: Localization 1031 was not found for potential path traversal
[9.2.2025, 10:54:05] warn: Localization 1031 was not found for process control
[9.2.2025, 10:54:05] warn: Localization 1031 was not found for redos
[9.2.2025, 10:54:05] warn: Localization 1031 was not found for remote code execution
[9.2.2025, 10:54:05] warn: Localization 1031 was not found for remote file inclusion
[9.2.2025, 10:54:05] warn: Localization 1031 was not found for resource exhaustion
[9.2.2025, 10:54:05] warn: Localization 1031 was not found for resource location brute-force
[9.2.2025, 10:54:05] warn: Localization 1031 was not found for server-side request forgery
[9.2.2025, 10:54:05] warn: Localization 1031 was not found for server-side template injection
[9.2.2025, 10:54:05] warn: Localization 1031 was not found for serverfingerprinting
[9.2.2025, 10:54:05] warn: Localization 1031 was not found for session management weakness
[9.2.2025, 10:54:05] warn: Localization 1031 was not found for shellshock
[9.2.2025, 10:54:05] warn: Localization 1031 was not found for smtp header injection
[9.2.2025, 10:54:05] warn: Localization 1031 was not found for sql injection
[9.2.2025, 10:54:05] warn: Localization 1031 was not found for sqli
[9.2.2025, 10:54:05] warn: Localization 1031 was not found for stack overflow
[9.2.2025, 10:54:05] warn: Localization 1031 was not found for uaf
[9.2.2025, 10:54:05] warn: Localization 1031 was not found for uncontrolled data manipulation
[9.2.2025, 10:54:05] warn: Localization 1031 was not found for uncontrolled env var modification
[9.2.2025, 10:54:05] warn: Localization 1031 was not found for unrestricted file upload
[9.2.2025, 10:54:05] warn: Localization 1031 was not found for use after free
[9.2.2025, 10:54:05] warn: Localization 1031 was not found for webview xss taint
[9.2.2025, 10:54:05] warn: Localization 1031 was not found for xml entity expansion
[9.2.2025, 10:54:05] warn: Localization 1031 was not found for xml external entity
[9.2.2025, 10:54:05] warn: Localization 1031 was not found for xpath injection
[9.2.2025, 10:54:05] warn: Localization 1031 was not found for xquery injection
[9.2.2025, 10:54:05] warn: Localization 1031 was not found for 100
[9.2.2025, 10:54:05] warn: Localization 1031 was not found for 101
[9.2.2025, 10:54:05] warn: Localization 1031 was not found for 102
[9.2.2025, 10:54:05] warn: Localization 1031 was not found for 103
[9.2.2025, 10:54:05] warn: Localization 1031 was not found for 104
[9.2.2025, 10:54:05] warn: Localization 1031 was not found for 105
[9.2.2025, 10:54:05] warn: Localization 1031 was not found for 107
[9.2.2025, 10:54:05] warn: Localization 1031 was not found for 108
[9.2.2025, 10:54:05] warn: Localization 1031 was not found for 109
[9.2.2025, 10:54:05] warn: Localization 1031 was not found for 111
[9.2.2025, 10:54:05] warn: Localization 1031 was not found for 113
[9.2.2025, 10:54:05] warn: Localization 1031 was not found for 114
[9.2.2025, 10:54:05] warn: Localization 1031 was not found for 116
[9.2.2025, 10:54:05] warn: Localization 1031 was not found for 117
[9.2.2025, 10:54:05] warn: Localization 1031 was not found for 118
[9.2.2025, 10:54:05] warn: Localization 1031 was not found for 120
[9.2.2025, 10:54:05] warn: Localization 1031 was not found for 122
[9.2.2025, 10:54:05] warn: Localization 1031 was not found for 123
[9.2.2025, 10:54:05] warn: Localization 1031 was not found for 124
[9.2.2025, 10:54:05] warn: Localization 1031 was not found for 125
[9.2.2025, 10:54:05] warn: Localization 1031 was not found for 127
[9.2.2025, 10:54:05] warn: Localization 1031 was not found for 128
[9.2.2025, 10:54:05] warn: Localization 1031 was not found for 129
[9.2.2025, 10:54:05] warn: Localization 1031 was not found for 130
[9.2.2025, 10:54:05] warn: Localization 1031 was not found for 135
[9.2.2025, 10:54:05] warn: Localization 1031 was not found for 138
[9.2.2025, 10:54:05] warn: Localization 1031 was not found for 139
[9.2.2025, 10:54:05] warn: Localization 1031 was not found for 140
[9.2.2025, 10:54:05] warn: Localization 1031 was not found for 141
[9.2.2025, 10:54:05] warn: Localization 1031 was not found for 142
[9.2.2025, 10:54:05] warn: Localization 1031 was not found for 144
[9.2.2025, 10:54:05] warn: Localization 1031 was not found for 145
[9.2.2025, 10:54:05] warn: Localization 1031 was not found for 146
[9.2.2025, 10:54:05] warn: Localization 1031 was not found for 147
[9.2.2025, 10:54:05] warn: Localization 1031 was not found for 148
[9.2.2025, 10:54:05] warn: Localization 1031 was not found for 149
[9.2.2025, 10:54:05] warn: Localization 1031 was not found for 150
[9.2.2025, 10:54:05] warn: Localization 1031 was not found for 151
[9.2.2025, 10:54:05] warn: Localization 1031 was not found for 152
[9.2.2025, 10:54:05] warn: Localization 1031 was not found for 153
[9.2.2025, 10:54:05] warn: Localization 1031 was not found for 154
[9.2.2025, 10:54:05] warn: Localization 1031 was not found for 156
[9.2.2025, 10:54:05] warn: Localization 1031 was not found for 157
[9.2.2025, 10:54:05] warn: Localization 1031 was not found for 158
[9.2.2025, 10:54:05] warn: Localization 1031 was not found for 159
[9.2.2025, 10:54:05] warn: Localization 1031 was not found for 160
[9.2.2025, 10:54:05] warn: Localization 1031 was not found for 161
[9.2.2025, 10:54:05] warn: Localization 1031 was not found for 162
[9.2.2025, 10:54:05] warn: Localization 1031 was not found for 163
[9.2.2025, 10:54:05] warn: Localization 1031 was not found for 164
[9.2.2025, 10:54:05] warn: Localization 1031 was not found for 165
[9.2.2025, 10:54:05] warn: Localization 1031 was not found for 200
[9.2.2025, 10:54:05] warn: Localization 1031 was not found for 24544
[9.2.2025, 10:54:05] warn: Localization 1031 was not found for 24545
[9.2.2025, 10:54:05] warn: Localization 1031 was not found for 24546
[9.2.2025, 10:54:05] warn: Localization 1031 was not found for 24547
[9.2.2025, 10:54:05] warn: Localization 1031 was not found for 24548
[9.2.2025, 10:54:05] warn: Localization 1031 was not found for 24549
[9.2.2025, 10:54:05] warn: Localization 1031 was not found for 24550
[9.2.2025, 10:54:05] warn: Localization 1031 was not found for 24551
[9.2.2025, 10:54:05] warn: Localization 1031 was not found for 24552
[9.2.2025, 10:54:05] warn: Localization 1031 was not found for 24553
[9.2.2025, 10:54:05] warn: Localization 1031 was not found for 24554
[9.2.2025, 10:54:05] warn: Localization 1031 was not found for 24555
[9.2.2025, 10:54:05] warn: Localization 1031 was not found for 24556
[9.2.2025, 10:54:05] warn: Localization 1031 was not found for 24557
[9.2.2025, 10:54:05] warn: Localization 1031 was not found for 24558
[9.2.2025, 10:54:05] warn: Localization 1031 was not found for 24559
[9.2.2025, 10:54:05] warn: Localization 1031 was not found for 24560
[9.2.2025, 10:54:05] warn: Localization 1031 was not found for 24561
[9.2.2025, 10:54:05] warn: Localization 1031 was not found for 24562
[9.2.2025, 10:54:05] warn: Localization 1031 was not found for 24563
[9.2.2025, 10:54:05] warn: Localization 1031 was not found for 24564
[9.2.2025, 10:54:05] warn: Localization 1031 was not found for 24565
[9.2.2025, 10:54:05] warn: Localization 1031 was not found for 24566
[9.2.2025, 10:54:05] warn: Localization 1031 was not found for 24567
[9.2.2025, 10:54:05] warn: Localization 1031 was not found for 24568
[9.2.2025, 10:54:05] warn: Localization 1031 was not found for 305
[9.2.2025, 10:54:05] warn: Localization 1031 was not found for 96
[9.2.2025, 10:54:05] warn: Localization 1031 was not found for 97
[9.2.2025, 10:54:05] warn: Localization 1031 was not found for 98
[9.2.2025, 10:54:05] warn: Localization 1031 was not found for 99
[9.2.2025, 10:54:05] warn: Localization 1031 was not found for attributes code inside addeventlistener
[9.2.2025, 10:54:05] warn: Localization 1031 was not found for attributes code inside attachevent
[9.2.2025, 10:54:05] warn: Localization 1031 was not found for attributes code inside createattribute
[9.2.2025, 10:54:05] warn: Localization 1031 was not found for attributes code inside element event
[9.2.2025, 10:54:05] warn: Localization 1031 was not found for attributes code inside setattribute
[9.2.2025, 10:54:05] warn: Localization 1031 was not found for attributes code inside setattributens
[9.2.2025, 10:54:05] warn: Localization 1031 was not found for buffer overflow
[9.2.2025, 10:54:05] warn: Localization 1031 was not found for buffer overflow in python
[9.2.2025, 10:54:05] warn: Localization 1031 was not found for buffer overflow pm
[9.2.2025, 10:54:05] warn: Localization 1031 was not found for class defines clone but not implement cloneable
[9.2.2025, 10:54:05] warn: Localization 1031 was not found for csrf protection disabled
[9.2.2025, 10:54:05] warn: Localization 1031 was not found for cursor snarfing plsql
[9.2.2025, 10:54:05] warn: Localization 1031 was not found for cursor snarfing tsql
[9.2.2025, 10:54:05] warn: Localization 1031 was not found for dangerous function plsql
[9.2.2025, 10:54:05] warn: Localization 1031 was not found for dangerous function tsql
[9.2.2025, 10:54:05] warn: Localization 1031 was not found for debug information leakage
[9.2.2025, 10:54:05] warn: Localization 1031 was not found for debug mode python
[9.2.2025, 10:54:05] warn: Localization 1031 was not found for deprecated functions objc
[9.2.2025, 10:54:05] warn: Localization 1031 was not found for deserialization of untrusted data pm
[9.2.2025, 10:54:05] warn: Localization 1031 was not found for deserialization of untrusted data pm python
[9.2.2025, 10:54:05] warn: Localization 1031 was not found for detection of error condition without action
[9.2.2025, 10:54:05] warn: Localization 1031 was not found for direct use of threads
[9.2.2025, 10:54:05] warn: Localization 1031 was not found for directorytraversalcreatereadstream
[9.2.2025, 10:54:05] warn: Localization 1031 was not found for directorytraversalreadfile
[9.2.2025, 10:54:05] warn: Localization 1031 was not found for disabling ssl certificate checks
[9.2.2025, 10:54:05] warn: Localization 1031 was not found for disabling ssl certificate checks c
[9.2.2025, 10:54:05] warn: Localization 1031 was not found for disabling ssl-tls certificate checks go
[9.2.2025, 10:54:05] warn: Localization 1031 was not found for divide by zero
[9.2.2025, 10:54:05] warn: Localization 1031 was not found for dom modification contextual fragment
[9.2.2025, 10:54:05] warn: Localization 1031 was not found for dom modification html tag
[9.2.2025, 10:54:05] warn: Localization 1031 was not found for dom modification selected position
[9.2.2025, 10:54:05] warn: Localization 1031 was not found for dom modification string inside document
[9.2.2025, 10:54:05] warn: Localization 1031 was not found for download of code without integrity check
[9.2.2025, 10:54:05] warn: Localization 1031 was not found for embedded malicious code
[9.2.2025, 10:54:05] warn: Localization 1031 was not found for empty default exception handler
[9.2.2025, 10:54:05] warn: Localization 1031 was not found for erroneous null comparison
[9.2.2025, 10:54:05] warn: Localization 1031 was not found for exposure of data element to wrong session
[9.2.2025, 10:54:05] warn: Localization 1031 was not found for exposure of system data to an unauthorized control sphere
[9.2.2025, 10:54:05] warn: Localization 1031 was not found for external control of file name or path
[9.2.2025, 10:54:05] warn: Localization 1031 was not found for file snarfing plsql
[9.2.2025, 10:54:05] warn: Localization 1031 was not found for format string pm
[9.2.2025, 10:54:05] warn: Localization 1031 was not found for forwarding via location
[9.2.2025, 10:54:05] warn: Localization 1031 was not found for forwarding via location function
[9.2.2025, 10:54:05] warn: Localization 1031 was not found for forwarding via opening new tab
[9.2.2025, 10:54:05] warn: Localization 1031 was not found for ftpusage
[9.2.2025, 10:54:05] warn: Localization 1031 was not found for go weak cryptographic hash
[9.2.2025, 10:54:05] warn: Localization 1031 was not found for hardcoded initialization vector
[9.2.2025, 10:54:05] warn: Localization 1031 was not found for hardcoded key
[9.2.2025, 10:54:05] warn: Localization 1031 was not found for hardcoded password kotlin
[9.2.2025, 10:54:05] warn: Localization 1031 was not found for hardcoded password pm
[9.2.2025, 10:54:05] warn: Localization 1031 was not found for hardcoded pbkdf password
[9.2.2025, 10:54:05] warn: Localization 1031 was not found for headerinjection
[9.2.2025, 10:54:05] warn: Localization 1031 was not found for improper access control
[9.2.2025, 10:54:05] warn: Localization 1031 was not found for improper access control c
[9.2.2025, 10:54:05] warn: Localization 1031 was not found for improper certificate validation
[9.2.2025, 10:54:05] warn: Localization 1031 was not found for improper check for unusual or exceptional conditions
[9.2.2025, 10:54:05] warn: Localization 1031 was not found for improperly implemented security check for standard
[9.2.2025, 10:54:05] warn: Localization 1031 was not found for include interface ssl
[9.2.2025, 10:54:05] warn: Localization 1031 was not found for incorrect permission assignment for critical resource
[9.2.2025, 10:54:05] warn: Localization 1031 was not found for incorrect permission assignment for critical resource 1
[9.2.2025, 10:54:05] warn: Localization 1031 was not found for incorrect permission assignment for critical resource go
[9.2.2025, 10:54:05] warn: Localization 1031 was not found for incorrect permission assignment for critical resource java
[9.2.2025, 10:54:05] warn: Localization 1031 was not found for incorrect unix api using
[9.2.2025, 10:54:05] warn: Localization 1031 was not found for incorrect usage of seeds in pseudo-random number generator
[9.2.2025, 10:54:05] warn: Localization 1031 was not found for incorrectpermissionassignmentphp
[9.2.2025, 10:54:05] warn: Localization 1031 was not found for information exposure pm
[9.2.2025, 10:54:05] warn: Localization 1031 was not found for information exposure through an error message
[9.2.2025, 10:54:05] warn: Localization 1031 was not found for information exposure through comments
[9.2.2025, 10:54:05] warn: Localization 1031 was not found for information exposure through persistent cookies
[9.2.2025, 10:54:05] warn: Localization 1031 was not found for information exposure through persistent cookies 1
[9.2.2025, 10:54:05] warn: Localization 1031 was not found for information exposure through static content
[9.2.2025, 10:54:05] warn: Localization 1031 was not found for informationexposureviaexception
[9.2.2025, 10:54:05] warn: Localization 1031 was not found for insecure cipher key export
[9.2.2025, 10:54:05] warn: Localization 1031 was not found for insecure connection protocol
[9.2.2025, 10:54:05] warn: Localization 1031 was not found for insecure cookie 1
[9.2.2025, 10:54:05] warn: Localization 1031 was not found for insecure cookie 2
[9.2.2025, 10:54:05] warn: Localization 1031 was not found for insecure cookie scope
[9.2.2025, 10:54:05] warn: Localization 1031 was not found for insecure data storage
[9.2.2025, 10:54:05] warn: Localization 1031 was not found for insecure data storage objc simple
[9.2.2025, 10:54:05] warn: Localization 1031 was not found for insecure network binding
[9.2.2025, 10:54:05] warn: Localization 1031 was not found for insecure randomness ojbc
[9.2.2025, 10:54:05] warn: Localization 1031 was not found for insecure randomness plsql
[9.2.2025, 10:54:05] warn: Localization 1031 was not found for insecure randomness tsql
[9.2.2025, 10:54:05] warn: Localization 1031 was not found for insecure rsa padding
[9.2.2025, 10:54:05] warn: Localization 1031 was not found for insecure rsa padding 1
[9.2.2025, 10:54:05] warn: Localization 1031 was not found for insecure ssl connection
[9.2.2025, 10:54:05] warn: Localization 1031 was not found for insecure ssl connection 1
[9.2.2025, 10:54:05] warn: Localization 1031 was not found for insecure ssl protocol
[9.2.2025, 10:54:05] warn: Localization 1031 was not found for insecure transport java
[9.2.2025, 10:54:05] warn: Localization 1031 was not found for insecure usage of jinja templates
[9.2.2025, 10:54:05] warn: Localization 1031 was not found for insecure usage of mako templates
[9.2.2025, 10:54:05] warn: Localization 1031 was not found for insecure validation functions
[9.2.2025, 10:54:05] warn: Localization 1031 was not found for insecure validation functions 1
[9.2.2025, 10:54:05] warn: Localization 1031 was not found for insecure work with temporary files
[9.2.2025, 10:54:05] warn: Localization 1031 was not found for insecureevalpython
[9.2.2025, 10:54:05] warn: Localization 1031 was not found for insufficient cors policy
[9.2.2025, 10:54:05] warn: Localization 1031 was not found for insufficient encryption key length
[9.2.2025, 10:54:05] warn: Localization 1031 was not found for insufficient encryption key length 1
[9.2.2025, 10:54:05] warn: Localization 1031 was not found for insufficient key size go
[9.2.2025, 10:54:05] warn: Localization 1031 was not found for insufficient logging&monitoring
[9.2.2025, 10:54:05] warn: Localization 1031 was not found for insufficient session expiration pm
[9.2.2025, 10:54:05] warn: Localization 1031 was not found for insufficientencryptionkeylength
[9.2.2025, 10:54:05] warn: Localization 1031 was not found for integer overflow pm
[9.2.2025, 10:54:05] warn: Localization 1031 was not found for jquery function that adds element
[9.2.2025, 10:54:05] warn: Localization 1031 was not found for jquery function that replaces element
[9.2.2025, 10:54:05] warn: Localization 1031 was not found for jquery html inside dom
[9.2.2025, 10:54:05] warn: Localization 1031 was not found for jquery unsafe functions for dom
[9.2.2025, 10:54:05] warn: Localization 1031 was not found for jquery wrap element to html
[9.2.2025, 10:54:05] warn: Localization 1031 was not found for json-test
[9.2.2025, 10:54:05] warn: Localization 1031 was not found for lack of the host key verification go
[9.2.2025, 10:54:05] warn: Localization 1031 was not found for least privilege violation
[9.2.2025, 10:54:05] warn: Localization 1031 was not found for leftover debug code
[9.2.2025, 10:54:05] warn: Localization 1031 was not found for marksafepython
[9.2.2025, 10:54:05] warn: Localization 1031 was not found for memory leak
[9.2.2025, 10:54:05] warn: Localization 1031 was not found for method without super clone
[9.2.2025, 10:54:05] warn: Localization 1031 was not found for method without super finalize
[9.2.2025, 10:54:05] warn: Localization 1031 was not found for missing auth localized reason
[9.2.2025, 10:54:05] warn: Localization 1031 was not found for missing encryption of sensitive data
[9.2.2025, 10:54:05] warn: Localization 1031 was not found for none
[9.2.2025, 10:54:05] warn: Localization 1031 was not found for notlsreject
[9.2.2025, 10:54:05] warn: Localization 1031 was not found for nslog using
[9.2.2025, 10:54:05] warn: Localization 1031 was not found for null dereference pattern
[9.2.2025, 10:54:05] warn: Localization 1031 was not found for null pbkdf password
[9.2.2025, 10:54:05] warn: Localization 1031 was not found for obsolete function
[9.2.2025, 10:54:05] warn: Localization 1031 was not found for openredirect
[9.2.2025, 10:54:05] warn: Localization 1031 was not found for overly broad grant
[9.2.2025, 10:54:05] warn: Localization 1031 was not found for override equals method without hashcode
[9.2.2025, 10:54:05] warn: Localization 1031 was not found for pattern matching
[9.2.2025, 10:54:05] warn: Localization 1031 was not found for php pm sensitive cookie in https session without ‘secure’ attribute
[9.2.2025, 10:54:05] warn: Localization 1031 was not found for plaintext storage of a password
[9.2.2025, 10:54:05] warn: Localization 1031 was not found for plaintext storage of a password 1
[9.2.2025, 10:54:05] warn: Localization 1031 was not found for play 1 html xss
[9.2.2025, 10:54:05] warn: Localization 1031 was not found for play 2 html xss
[9.2.2025, 10:54:05] warn: Localization 1031 was not found for poor logging practice logger
[9.2.2025, 10:54:05] warn: Localization 1031 was not found for poor logging practice system
[9.2.2025, 10:54:05] warn: Localization 1031 was not found for possible rce through sql injection
[9.2.2025, 10:54:05] warn: Localization 1031 was not found for private array typed field returned from a public method
[9.2.2025, 10:54:05] warn: Localization 1031 was not found for public data assigned to private array typed field
[9.2.2025, 10:54:05] warn: Localization 1031 was not found for python weak cryptographic hash
[9.2.2025, 10:54:05] warn: Localization 1031 was not found for python2input
[9.2.2025, 10:54:05] warn: Localization 1031 was not found for pythonassertion
[9.2.2025, 10:54:05] warn: Localization 1031 was not found for reflectedcrosssitescripting
[9.2.2025, 10:54:05] warn: Localization 1031 was not found for reliance on dns lookups in a security decision
[9.2.2025, 10:54:05] warn: Localization 1031 was not found for return of stack variable address
[9.2.2025, 10:54:05] warn: Localization 1031 was not found for reversible one way hash
[9.2.2025, 10:54:05] warn: Localization 1031 was not found for sensitive cookie in https session without ‘secure’ attribute
[9.2.2025, 10:54:05] warn: Localization 1031 was not found for sensitive cookie in https session without httponly attribute
[9.2.2025, 10:54:05] warn: Localization 1031 was not found for sensitive cookie in https session without secure attribute
[9.2.2025, 10:54:05] warn: Localization 1031 was not found for serversideinjectioneval
[9.2.2025, 10:54:05] warn: Localization 1031 was not found for serversideinjectionfunction
[9.2.2025, 10:54:05] warn: Localization 1031 was not found for serversideinjectionsetinterval
[9.2.2025, 10:54:05] warn: Localization 1031 was not found for serversideinjectionsettimeout
[9.2.2025, 10:54:05] warn: Localization 1031 was not found for serversideinjectionyaml
[9.2.2025, 10:54:05] warn: Localization 1031 was not found for ssl configuration flaws
[9.2.2025, 10:54:05] warn: Localization 1031 was not found for static random number generator
[9.2.2025, 10:54:05] warn: Localization 1031 was not found for time of check time of use race condition
[9.2.2025, 10:54:05] warn: Localization 1031 was not found for trust boundary violation
[9.2.2025, 10:54:05] warn: Localization 1031 was not found for type confusion
[9.2.2025, 10:54:05] warn: Localization 1031 was not found for uncontrolled memory allocation
[9.2.2025, 10:54:05] warn: Localization 1031 was not found for uncontrolled recursion
[9.2.2025, 10:54:05] warn: Localization 1031 was not found for unreachable code
[9.2.2025, 10:54:05] warn: Localization 1031 was not found for unsafe cross-origin resource sharing
[9.2.2025, 10:54:05] warn: Localization 1031 was not found for unsafe reflection
[9.2.2025, 10:54:05] warn: Localization 1031 was not found for unsalted one way hash
[9.2.2025, 10:54:05] warn: Localization 1031 was not found for unsalted one way hash 1
[9.2.2025, 10:54:05] warn: Localization 1031 was not found for unsaltedonewayhash
[9.2.2025, 10:54:05] warn: Localization 1031 was not found for unused var
[9.2.2025, 10:54:05] warn: Localization 1031 was not found for urllibusagepython
[9.2.2025, 10:54:05] warn: Localization 1031 was not found for use broken crypto
[9.2.2025, 10:54:05] warn: Localization 1031 was not found for use of a broken or risky cryptographic algorithm
[9.2.2025, 10:54:05] warn: Localization 1031 was not found for use of a broken or risky cryptographic algorithm 1
[9.2.2025, 10:54:05] warn: Localization 1031 was not found for use of a broken or risky cryptographic algorithm 2
[9.2.2025, 10:54:05] warn: Localization 1031 was not found for use of a broken or risky cryptographic algorithm 3
[9.2.2025, 10:54:05] warn: Localization 1031 was not found for use of a broken or risky cryptographic algorithm 4
[9.2.2025, 10:54:05] warn: Localization 1031 was not found for use of a broken or risky cryptographic algorithm 5
[9.2.2025, 10:54:05] warn: Localization 1031 was not found for use of a broken or risky cryptographic algorithm 6
[9.2.2025, 10:54:05] warn: Localization 1031 was not found for use of a broken or risky cryptographic algorithm go
[9.2.2025, 10:54:05] warn: Localization 1031 was not found for use of function with inconsistent implementations
[9.2.2025, 10:54:05] warn: Localization 1031 was not found for use of hardcoded cryptographic key
[9.2.2025, 10:54:05] warn: Localization 1031 was not found for use of insufficiently random values
[9.2.2025, 10:54:05] warn: Localization 1031 was not found for use of insufficiently random values 1
[9.2.2025, 10:54:05] warn: Localization 1031 was not found for use of insufficiently random values 2
[9.2.2025, 10:54:05] warn: Localization 1031 was not found for use of nullpointerexception catch
[9.2.2025, 10:54:05] warn: Localization 1031 was not found for use of obsolete function 1
[9.2.2025, 10:54:05] warn: Localization 1031 was not found for use of system exit
[9.2.2025, 10:54:05] warn: Localization 1031 was not found for use of uninitialized variable
[9.2.2025, 10:54:05] warn: Localization 1031 was not found for user driven insecure hash algorithm
[9.2.2025, 10:54:05] warn: Localization 1031 was not found for user driven insecure hash algorithm 1
[9.2.2025, 10:54:05] warn: Localization 1031 was not found for vulnerable template module
[9.2.2025, 10:54:05] warn: Localization 1031 was not found for weak crypto api objc
[9.2.2025, 10:54:05] warn: Localization 1031 was not found for weak crypto hash api objc
[9.2.2025, 10:54:05] warn: Localization 1031 was not found for weak crypto iv objc
[9.2.2025, 10:54:05] warn: Localization 1031 was not found for weak crypto key objc
[9.2.2025, 10:54:05] warn: Localization 1031 was not found for weak cryptographic algorithm 1
[9.2.2025, 10:54:05] warn: Localization 1031 was not found for weak cryptographic hash
[9.2.2025, 10:54:05] warn: Localization 1031 was not found for weak cryptographic hash plsql
[9.2.2025, 10:54:05] warn: Localization 1031 was not found for weak cryptographic hash tsql
[9.2.2025, 10:54:05] warn: Localization 1031 was not found for weak hmac key objc
[9.2.2025, 10:54:05] warn: Localization 1031 was not found for weak password requirements
[9.2.2025, 10:54:05] warn: Localization 1031 was not found for weak pbkdf salt
[9.2.2025, 10:54:05] warn: Localization 1031 was not found for weak rsa objc
[9.2.2025, 10:54:05] warn: Localization 1031 was not found for weakhashcrypto
[9.2.2025, 10:54:05] warn: Localization 1031 was not found for weakhashcryptojs
[9.2.2025, 10:54:05] warn: Localization 1031 was not found for webforms validaterequest
[9.2.2025, 10:54:05] warn: Localization 1031 was not found for webview xss
[9.2.2025, 10:54:05] warn: Localization 1031 was not found for xml external entity pm
[9.2.2025, 10:54:05] warn: Localization 1031 was not found for xss protection disabled
[9.2.2025, 10:54:05] warn: Localization 1031 was not found for yaml load
[9.2.2025, 10:54:05] warn: Localization 1031 was not found for .htaccess addhandler
[9.2.2025, 10:54:05] warn: Localization 1031 was not found for .htaccess addtype
[9.2.2025, 10:54:05] warn: Localization 1031 was not found for .htaccess options
[9.2.2025, 10:54:05] warn: Localization 1031 was not found for .htaccess php_value
[9.2.2025, 10:54:05] warn: Localization 1031 was not found for .htaccess serversignature
[9.2.2025, 10:54:05] warn: Localization 1031 was not found for android_manifest.xml @android:allowbackup
[9.2.2025, 10:54:05] warn: Localization 1031 was not found for android_manifest.xml @android:debuggable
[9.2.2025, 10:54:05] warn: Localization 1031 was not found for android_manifest.xml @android:exported
[9.2.2025, 10:54:05] warn: Localization 1031 was not found for android_manifest.xml @android:exported[provider]
[9.2.2025, 10:54:05] warn: Localization 1031 was not found for android_manifest.xml @android:protectionlevel
[9.2.2025, 10:54:05] warn: Localization 1031 was not found for android_manifest.xml @android:scheme
[9.2.2025, 10:54:05] warn: Localization 1031 was not found for android_networksecurityconfig.xml @src
[9.2.2025, 10:54:05] warn: Localization 1031 was not found for apache.conf addhandler
[9.2.2025, 10:54:05] warn: Localization 1031 was not found for apache.conf addtype
[9.2.2025, 10:54:05] warn: Localization 1031 was not found for apache.conf loadmodule
[9.2.2025, 10:54:05] warn: Localization 1031 was not found for apache.conf options
[9.2.2025, 10:54:05] warn: Localization 1031 was not found for apache.conf php_value
[9.2.2025, 10:54:05] warn: Localization 1031 was not found for apache.conf serversignature
[9.2.2025, 10:54:05] warn: Localization 1031 was not found for apache.conf servertokens
[9.2.2025, 10:54:05] warn: Localization 1031 was not found for apache.conf traceenable
[9.2.2025, 10:54:05] warn: Localization 1031 was not found for applicationhost.config @accesspolicy
[9.2.2025, 10:54:05] warn: Localization 1031 was not found for applicationhost.config @notlistedisapisallowed
[9.2.2025, 10:54:05] warn: Localization 1031 was not found for applicationhost.config @username
[9.2.2025, 10:54:05] warn: Localization 1031 was not found for conf arbitrary file upload file_uploads
[9.2.2025, 10:54:05] warn: Localization 1031 was not found for conf cross site scripting vulnerability http-only
[9.2.2025, 10:54:05] warn: Localization 1031 was not found for conf cross site scripting vulnerability httponlycookies
[9.2.2025, 10:54:05] warn: Localization 1031 was not found for conf cross site scripting vulnerability register_globals
[9.2.2025, 10:54:05] warn: Localization 1031 was not found for conf cross site scripting vulnerability session.cookie_httponly
[9.2.2025, 10:54:05] warn: Localization 1031 was not found for conf cross site scripting vulnerability traceenable
[9.2.2025, 10:54:05] warn: Localization 1031 was not found for conf cross site scripting vulnerability validaterequest
[9.2.2025, 10:54:05] warn: Localization 1031 was not found for conf denial of service loadmodule security2_module
[9.2.2025, 10:54:05] warn: Localization 1031 was not found for conf denial of service max_execution_time
[9.2.2025, 10:54:05] warn: Localization 1031 was not found for conf denial of service max_input_nesting_level
[9.2.2025, 10:54:05] warn: Localization 1031 was not found for conf denial of service max_input_time
[9.2.2025, 10:54:05] warn: Localization 1031 was not found for conf denial of service memory_limit
[9.2.2025, 10:54:05] warn: Localization 1031 was not found for conf denial of service post_max_size
[9.2.2025, 10:54:05] warn: Localization 1031 was not found for conf denial of service upload_max_filesize
[9.2.2025, 10:54:05] warn: Localization 1031 was not found for conf directory indexing autoindex
[9.2.2025, 10:54:05] warn: Localization 1031 was not found for conf directory indexing loadmodule autoindex_module
[9.2.2025, 10:54:05] warn: Localization 1031 was not found for conf directory indexing options
[9.2.2025, 10:54:05] warn: Localization 1031 was not found for conf directory indexing ssi
[9.2.2025, 10:54:05] warn: Localization 1031 was not found for conf information leakage curl.cainfo
[9.2.2025, 10:54:05] warn: Localization 1031 was not found for conf information leakage debug
[9.2.2025, 10:54:05] warn: Localization 1031 was not found for conf information leakage display_errors
[9.2.2025, 10:54:05] warn: Localization 1031 was not found for conf information leakage display_startup_errors
[9.2.2025, 10:54:05] warn: Localization 1031 was not found for conf information leakage error-code
[9.2.2025, 10:54:05] warn: Localization 1031 was not found for conf information leakage errordocument
[9.2.2025, 10:54:05] warn: Localization 1031 was not found for conf information leakage expose_php
[9.2.2025, 10:54:05] warn: Localization 1031 was not found for conf information leakage loadmodule include_module
[9.2.2025, 10:54:05] warn: Localization 1031 was not found for conf information leakage loadmodule info_module
[9.2.2025, 10:54:05] warn: Localization 1031 was not found for conf information leakage loadmodule negotiation_module
[9.2.2025, 10:54:05] warn: Localization 1031 was not found for conf information leakage mode
[9.2.2025, 10:54:05] warn: Localization 1031 was not found for conf information leakage param-name
[9.2.2025, 10:54:05] warn: Localization 1031 was not found for conf information leakage param-name-xsrf
[9.2.2025, 10:54:05] warn: Localization 1031 was not found for conf information leakage request_order
[9.2.2025, 10:54:05] warn: Localization 1031 was not found for conf information leakage server_tokens
[9.2.2025, 10:54:05] warn: Localization 1031 was not found for conf information leakage serversignature
[9.2.2025, 10:54:05] warn: Localization 1031 was not found for conf information leakage servertokens
[9.2.2025, 10:54:05] warn: Localization 1031 was not found for conf information leakage statuscode
[9.2.2025, 10:54:05] warn: Localization 1031 was not found for conf information leakage value
[9.2.2025, 10:54:05] warn: Localization 1031 was not found for conf insufficient authentication enableviewstatemac
[9.2.2025, 10:54:05] warn: Localization 1031 was not found for conf insufficient session expiration session-timeout
[9.2.2025, 10:54:05] warn: Localization 1031 was not found for conf insufficient transport layer protection requiressl
[9.2.2025, 10:54:05] warn: Localization 1031 was not found for conf insufficient transport layer protection secure
[9.2.2025, 10:54:05] warn: Localization 1031 was not found for conf insufficient transport layer protection transport-guarantee
[9.2.2025, 10:54:05] warn: Localization 1031 was not found for conf obsolete option safe_mode
[9.2.2025, 10:54:05] warn: Localization 1031 was not found for conf obsolete option safe_mode_exec_dir
[9.2.2025, 10:54:05] warn: Localization 1031 was not found for conf obsolete option safe_mode_gid
[9.2.2025, 10:54:05] warn: Localization 1031 was not found for conf obsolete option safe_mode_include_dir
[9.2.2025, 10:54:05] warn: Localization 1031 was not found for conf path traversal vulnerability open_basedir
[9.2.2025, 10:54:05] warn: Localization 1031 was not found for conf remote code execution addhandler
[9.2.2025, 10:54:05] warn: Localization 1031 was not found for conf remote code execution addtype
[9.2.2025, 10:54:05] warn: Localization 1031 was not found for conf remote code execution assert.active
[9.2.2025, 10:54:05] warn: Localization 1031 was not found for conf remote code execution auto_append_file
[9.2.2025, 10:54:05] warn: Localization 1031 was not found for conf remote code execution auto_prepend_file
[9.2.2025, 10:54:05] warn: Localization 1031 was not found for conf remote code execution enable_dl
[9.2.2025, 10:54:05] warn: Localization 1031 was not found for conf remote code execution php_value
[9.2.2025, 10:54:05] warn: Localization 1031 was not found for conf remote command execution disable_functions
[9.2.2025, 10:54:05] warn: Localization 1031 was not found for conf remote command execution http-method
[9.2.2025, 10:54:05] warn: Localization 1031 was not found for conf remote command execution loadmodule cgi_module
[9.2.2025, 10:54:05] warn: Localization 1031 was not found for conf remote file inclusion allow_url_fopen
[9.2.2025, 10:54:05] warn: Localization 1031 was not found for conf remote file inclusion allow_url_include
[9.2.2025, 10:54:05] warn: Localization 1031 was not found for conf remote file inclusion cgi.fix_pathinfo
[9.2.2025, 10:54:05] warn: Localization 1031 was not found for conf response splitting enableheaderchecking
[9.2.2025, 10:54:05] warn: Localization 1031 was not found for conf response splitting useunsafeheaderparsing
[9.2.2025, 10:54:05] warn: Localization 1031 was not found for conf session hijacking log_errors
[9.2.2025, 10:54:05] warn: Localization 1031 was not found for conf session hijacking session.cookie_lifetime
[9.2.2025, 10:54:05] warn: Localization 1031 was not found for conf session hijacking session.cookie_secure
[9.2.2025, 10:54:05] warn: Localization 1031 was not found for conf session hijacking session.referer_check
[9.2.2025, 10:54:05] warn: Localization 1031 was not found for conf session hijacking session.save_path
[9.2.2025, 10:54:05] warn: Localization 1031 was not found for conf session hijacking session.use_cookies
[9.2.2025, 10:54:05] warn: Localization 1031 was not found for conf session hijacking session.use_only_cookies
[9.2.2025, 10:54:05] warn: Localization 1031 was not found for conf session hijacking session.use_strict_mode
[9.2.2025, 10:54:05] warn: Localization 1031 was not found for conf session hijacking ssl
[9.2.2025, 10:54:05] warn: Localization 1031 was not found for conf session hijacking ssl_certificate
[9.2.2025, 10:54:05] warn: Localization 1031 was not found for conf session hijacking ssl_certificate_key
[9.2.2025, 10:54:05] warn: Localization 1031 was not found for conf session hijacking ssl_ciphers
[9.2.2025, 10:54:05] warn: Localization 1031 was not found for conf session hijacking ssl_dhparam
[9.2.2025, 10:54:05] warn: Localization 1031 was not found for conf session hijacking ssl_prefer_server_ciphers
[9.2.2025, 10:54:05] warn: Localization 1031 was not found for conf session hijacking ssl_protocols
[9.2.2025, 10:54:05] warn: Localization 1031 was not found for conf session hijacking ssl_session_cache
[9.2.2025, 10:54:05] warn: Localization 1031 was not found for conf session hijacking ssl_session_timeout
[9.2.2025, 10:54:05] warn: Localization 1031 was not found for conf session hijacking ssl_stapling
[9.2.2025, 10:54:05] warn: Localization 1031 was not found for conf session hijacking tracking-mode
[9.2.2025, 10:54:05] warn: Localization 1031 was not found for conf sql injection magic_quotes_gpc
[9.2.2025, 10:54:05] warn: Localization 1031 was not found for conf sql injection magic_quotes_runtime
[9.2.2025, 10:54:05] warn: Localization 1031 was not found for conf sql injection magic_quotes_sybase
[9.2.2025, 10:54:05] warn: Localization 1031 was not found for domain.xml @audit-enabled
[9.2.2025, 10:54:05] warn: Localization 1031 was not found for domain.xml @port
[9.2.2025, 10:54:05] warn: Localization 1031 was not found for domain.xml @value
[9.2.2025, 10:54:05] warn: Localization 1031 was not found for domain.xml @xpowered-by
[9.2.2025, 10:54:05] warn: Localization 1031 was not found for domain.xml jvm-options
[9.2.2025, 10:54:05] warn: Localization 1031 was not found for ios_info.plist cfbundleurltypes
[9.2.2025, 10:54:05] warn: Localization 1031 was not found for ios_info.plist nsexceptionallowsinsecurehttploads
[9.2.2025, 10:54:05] warn: Localization 1031 was not found for ios_info.plist nsexceptionminimumtlsversion
[9.2.2025, 10:54:05] warn: Localization 1031 was not found for ios_info.plist nstemporarythirdpartyexceptionallowsinsecurehttploads
[9.2.2025, 10:54:05] warn: Localization 1031 was not found for ios_info.plist nstemporarythirdpartyexceptionminimumtlsversion
[9.2.2025, 10:54:05] warn: Localization 1031 was not found for lighttpd.conf cgi.assign
[9.2.2025, 10:54:05] warn: Localization 1031 was not found for lighttpd.conf server.dir-listing
[9.2.2025, 10:54:05] warn: Localization 1031 was not found for lighttpd.conf setenv.add-response-header
[9.2.2025, 10:54:05] warn: Localization 1031 was not found for lighttpd.conf status.config-url
[9.2.2025, 10:54:05] warn: Localization 1031 was not found for lighttpd.conf status.status-url
[9.2.2025, 10:54:05] warn: Localization 1031 was not found for lighttpd.conf webdav.is-readonly
[9.2.2025, 10:54:05] warn: Localization 1031 was not found for machine.config @debug
[9.2.2025, 10:54:05] warn: Localization 1031 was not found for machine.config @decryption
[9.2.2025, 10:54:05] warn: Localization 1031 was not found for machine.config @decryptionkey
[9.2.2025, 10:54:05] warn: Localization 1031 was not found for machine.config @passwordformat
[9.2.2025, 10:54:05] warn: Localization 1031 was not found for machine.config @retail
[9.2.2025, 10:54:05] warn: Localization 1031 was not found for machine.config @username[@processmodel]
[9.2.2025, 10:54:05] warn: Localization 1031 was not found for machine.config @validation
[9.2.2025, 10:54:05] warn: Localization 1031 was not found for machine.config @validationkey
[9.2.2025, 10:54:05] warn: Localization 1031 was not found for nginx.conf add_header
[9.2.2025, 10:54:05] warn: Localization 1031 was not found for nginx.conf add_header[inheritance]
[9.2.2025, 10:54:05] warn: Localization 1031 was not found for nginx.conf alias[traversal]
[9.2.2025, 10:54:05] warn: Localization 1031 was not found for nginx.conf autoindex
[9.2.2025, 10:54:05] warn: Localization 1031 was not found for nginx.conf error_log
[9.2.2025, 10:54:05] warn: Localization 1031 was not found for nginx.conf error_page
[9.2.2025, 10:54:05] warn: Localization 1031 was not found for nginx.conf more_set_headers
[9.2.2025, 10:54:05] warn: Localization 1031 was not found for nginx.conf proxy_set_header
[9.2.2025, 10:54:05] warn: Localization 1031 was not found for nginx.conf server_tokens
[9.2.2025, 10:54:05] warn: Localization 1031 was not found for nginx.conf ssi
[9.2.2025, 10:54:05] warn: Localization 1031 was not found for nginx.conf ssl
[9.2.2025, 10:54:05] warn: Localization 1031 was not found for nginx.conf ssl_certificate
[9.2.2025, 10:54:05] warn: Localization 1031 was not found for nginx.conf ssl_certificate_key
[9.2.2025, 10:54:05] warn: Localization 1031 was not found for nginx.conf ssl_ciphers
[9.2.2025, 10:54:05] warn: Localization 1031 was not found for nginx.conf ssl_dhparam
[9.2.2025, 10:54:05] warn: Localization 1031 was not found for nginx.conf ssl_prefer_server_ciphers
[9.2.2025, 10:54:05] warn: Localization 1031 was not found for nginx.conf ssl_protocols
[9.2.2025, 10:54:05] warn: Localization 1031 was not found for nginx.conf ssl_session_cache
[9.2.2025, 10:54:05] warn: Localization 1031 was not found for nginx.conf ssl_session_timeout
[9.2.2025, 10:54:05] warn: Localization 1031 was not found for nginx.conf ssl_stapling
[9.2.2025, 10:54:05] warn: Localization 1031 was not found for nginx.conf valid_referers
[9.2.2025, 10:54:05] warn: Localization 1031 was not found for php.ini allow_url_fopen
[9.2.2025, 10:54:05] warn: Localization 1031 was not found for php.ini allow_url_include
[9.2.2025, 10:54:05] warn: Localization 1031 was not found for php.ini assert.active
[9.2.2025, 10:54:05] warn: Localization 1031 was not found for php.ini auto_append_file
[9.2.2025, 10:54:05] warn: Localization 1031 was not found for php.ini auto_prepend_file
[9.2.2025, 10:54:05] warn: Localization 1031 was not found for php.ini cgi.fix_pathinfo
[9.2.2025, 10:54:05] warn: Localization 1031 was not found for php.ini cgi.force_redirect
[9.2.2025, 10:54:05] warn: Localization 1031 was not found for php.ini disable_functions
[9.2.2025, 10:54:05] warn: Localization 1031 was not found for php.ini display_errors
[9.2.2025, 10:54:05] warn: Localization 1031 was not found for php.ini display_startup_errors
[9.2.2025, 10:54:05] warn: Localization 1031 was not found for php.ini enable_dl
[9.2.2025, 10:54:05] warn: Localization 1031 was not found for php.ini expose_php
[9.2.2025, 10:54:05] warn: Localization 1031 was not found for php.ini log_errors
[9.2.2025, 10:54:05] warn: Localization 1031 was not found for php.ini magic_quotes_gpc
[9.2.2025, 10:54:05] warn: Localization 1031 was not found for php.ini magic_quotes_runtime
[9.2.2025, 10:54:05] warn: Localization 1031 was not found for php.ini magic_quotes_sybase
[9.2.2025, 10:54:05] warn: Localization 1031 was not found for php.ini max_execution_time
[9.2.2025, 10:54:05] warn: Localization 1031 was not found for php.ini max_input_nesting_level
[9.2.2025, 10:54:05] warn: Localization 1031 was not found for php.ini max_input_time
[9.2.2025, 10:54:05] warn: Localization 1031 was not found for php.ini memory_limit
[9.2.2025, 10:54:05] warn: Localization 1031 was not found for php.ini open_basedir
[9.2.2025, 10:54:05] warn: Localization 1031 was not found for php.ini post_max_size
[9.2.2025, 10:54:05] warn: Localization 1031 was not found for php.ini register_globals
[9.2.2025, 10:54:05] warn: Localization 1031 was not found for php.ini request_order
[9.2.2025, 10:54:05] warn: Localization 1031 was not found for php.ini safe_mode
[9.2.2025, 10:54:05] warn: Localization 1031 was not found for php.ini session.cookie_httponly
[9.2.2025, 10:54:05] warn: Localization 1031 was not found for php.ini session.cookie_lifetime
[9.2.2025, 10:54:05] warn: Localization 1031 was not found for php.ini session.cookie_secure
[9.2.2025, 10:54:05] warn: Localization 1031 was not found for php.ini session.save_path
[9.2.2025, 10:54:05] warn: Localization 1031 was not found for php.ini session.use_cookies
[9.2.2025, 10:54:05] warn: Localization 1031 was not found for php.ini session.use_only_cookies
[9.2.2025, 10:54:05] warn: Localization 1031 was not found for php.ini session.use_strict_mode
[9.2.2025, 10:54:05] warn: Localization 1031 was not found for php.ini session.use_trans_sid
[9.2.2025, 10:54:05] warn: Localization 1031 was not found for php.ini upload_max_filesize
[9.2.2025, 10:54:05] warn: Localization 1031 was not found for potential vulnerability
[9.2.2025, 10:54:05] warn: Localization 1031 was not found for server.xml_tomcat @allowtrace
[9.2.2025, 10:54:05] warn: Localization 1031 was not found for server.xml_tomcat @autodeploy
[9.2.2025, 10:54:05] warn: Localization 1031 was not found for server.xml_tomcat @clientauth
[9.2.2025, 10:54:05] warn: Localization 1031 was not found for server.xml_tomcat @connectiontimeout
[9.2.2025, 10:54:05] warn: Localization 1031 was not found for server.xml_tomcat @deployonstartup
[9.2.2025, 10:54:05] warn: Localization 1031 was not found for server.xml_tomcat @maxhttpheadersize
[9.2.2025, 10:54:05] warn: Localization 1031 was not found for server.xml_tomcat @secure
[9.2.2025, 10:54:05] warn: Localization 1031 was not found for server.xml_tomcat @shutdown
[9.2.2025, 10:54:05] warn: Localization 1031 was not found for server.xml_tomcat @xpoweredby
[9.2.2025, 10:54:05] warn: Localization 1031 was not found for server.xml_websphere @allowlogoutpageredirecttoanyhost
[9.2.2025, 10:54:05] warn: Localization 1031 was not found for server.xml_websphere @displayauthenticationrealm
[9.2.2025, 10:54:05] warn: Localization 1031 was not found for server.xml_websphere @preservefullyqualifiedreferrerurl
[9.2.2025, 10:54:05] warn: Localization 1031 was not found for standalone.xml @default-user
[9.2.2025, 10:54:05] warn: Localization 1031 was not found for standalone.xml @display-source-fragment
[9.2.2025, 10:54:05] warn: Localization 1031 was not found for standalone.xml @scan-interval
[9.2.2025, 10:54:05] warn: Localization 1031 was not found for standalone.xml @value
[9.2.2025, 10:54:05] warn: Localization 1031 was not found for standalone.xml @x-powered-by
[9.2.2025, 10:54:05] warn: Localization 1031 was not found for web.config @allowoverride
[9.2.2025, 10:54:05] warn: Localization 1031 was not found for web.config @cacherolesincookie
[9.2.2025, 10:54:05] warn: Localization 1031 was not found for web.config @certificatevalidationmode
[9.2.2025, 10:54:05] warn: Localization 1031 was not found for web.config @connectionprotection
[9.2.2025, 10:54:05] warn: Localization 1031 was not found for web.config @cookieless
[9.2.2025, 10:54:05] warn: Localization 1031 was not found for web.config @cookieprotection
[9.2.2025, 10:54:05] warn: Localization 1031 was not found for web.config @cookierequiressl
[9.2.2025, 10:54:05] warn: Localization 1031 was not found for web.config @cookieslidingexpiration
[9.2.2025, 10:54:05] warn: Localization 1031 was not found for web.config @cookietimeout
[9.2.2025, 10:54:05] warn: Localization 1031 was not found for web.config @createpersistentcookie
[9.2.2025, 10:54:05] warn: Localization 1031 was not found for web.config @debug
[9.2.2025, 10:54:05] warn: Localization 1031 was not found for web.config @decryptionkey
[9.2.2025, 10:54:05] warn: Localization 1031 was not found for web.config @enablecrossappredirects
[9.2.2025, 10:54:05] warn: Localization 1031 was not found for web.config @enabled
[9.2.2025, 10:54:05] warn: Localization 1031 was not found for web.config @enabled[directorybrowse]
[9.2.2025, 10:54:05] warn: Localization 1031 was not found for web.config @enableeventvalidation
[9.2.2025, 10:54:05] warn: Localization 1031 was not found for web.config @enableheaderchecking
[9.2.2025, 10:54:05] warn: Localization 1031 was not found for web.config @enableversionheader
[9.2.2025, 10:54:05] warn: Localization 1031 was not found for web.config @enableviewstatemac
[9.2.2025, 10:54:05] warn: Localization 1031 was not found for web.config @httponlycookies
[9.2.2025, 10:54:05] warn: Localization 1031 was not found for web.config @level
[9.2.2025, 10:54:05] warn: Localization 1031 was not found for web.config @maxeventdetaillength
[9.2.2025, 10:54:05] warn: Localization 1031 was not found for web.config @maxeventlengthforsimplemessage
[9.2.2025, 10:54:05] warn: Localization 1031 was not found for web.config @maxrequestlength
[9.2.2025, 10:54:05] warn: Localization 1031 was not found for web.config @maxsizeforsimplemessage
[9.2.2025, 10:54:05] warn: Localization 1031 was not found for web.config @minrequirednonalphanumericcharacters
[9.2.2025, 10:54:05] warn: Localization 1031 was not found for web.config @minrequiredpasswordlength
[9.2.2025, 10:54:05] warn: Localization 1031 was not found for web.config @mode
[9.2.2025, 10:54:05] warn: Localization 1031 was not found for web.config @name[@credentials]
[9.2.2025, 10:54:05] warn: Localization 1031 was not found for web.config @passwordformat
[9.2.2025, 10:54:05] warn: Localization 1031 was not found for web.config @protection
[9.2.2025, 10:54:05] warn: Localization 1031 was not found for web.config @requestvalidationmode
[9.2.2025, 10:54:05] warn: Localization 1031 was not found for web.config @requiressl
[9.2.2025, 10:54:05] warn: Localization 1031 was not found for web.config @requiressl[@authentication]
[9.2.2025, 10:54:05] warn: Localization 1031 was not found for web.config @slidingexpiration
[9.2.2025, 10:54:05] warn: Localization 1031 was not found for web.config @statuscode
[9.2.2025, 10:54:05] warn: Localization 1031 was not found for web.config @timeout
[9.2.2025, 10:54:05] warn: Localization 1031 was not found for web.config @type
[9.2.2025, 10:54:05] warn: Localization 1031 was not found for web.config @username[@identity]
[9.2.2025, 10:54:05] warn: Localization 1031 was not found for web.config @users
[9.2.2025, 10:54:05] warn: Localization 1031 was not found for web.config @useunsafeheaderparsing
[9.2.2025, 10:54:05] warn: Localization 1031 was not found for web.config @validaterequest
[9.2.2025, 10:54:05] warn: Localization 1031 was not found for web.config @validation
[9.2.2025, 10:54:05] warn: Localization 1031 was not found for web.config @validationkey
[9.2.2025, 10:54:05] warn: Localization 1031 was not found for web.config @value
[9.2.2025, 10:54:05] warn: Localization 1031 was not found for web.config @value[@accesscontrolalloworiginheader]
[9.2.2025, 10:54:05] warn: Localization 1031 was not found for web.config @value[@aspnetcore_environment]
[9.2.2025, 10:54:05] warn: Localization 1031 was not found for web.config @value[uselegacyencryption]
[9.2.2025, 10:54:05] warn: Localization 1031 was not found for web.config @value[x-frame-options]
[9.2.2025, 10:54:05] warn: Localization 1031 was not found for web.config @viewstateencryptionmode
[9.2.2025, 10:54:05] warn: Localization 1031 was not found for web.config ciphervalue[@sessionstate]
[9.2.2025, 10:54:05] warn: Localization 1031 was not found for web.config remove/@name[documentation]
[9.2.2025, 10:54:05] warn: Localization 1031 was not found for web.config remove/@name[x-powered-by]
[9.2.2025, 10:54:05] warn: Localization 1031 was not found for web.xml error-code
[9.2.2025, 10:54:05] warn: Localization 1031 was not found for web.xml http-method
[9.2.2025, 10:54:05] warn: Localization 1031 was not found for web.xml http-only
[9.2.2025, 10:54:05] warn: Localization 1031 was not found for web.xml param-value
[9.2.2025, 10:54:05] warn: Localization 1031 was not found for web.xml secure
[9.2.2025, 10:54:05] warn: Localization 1031 was not found for web.xml session-timeout
[9.2.2025, 10:54:05] warn: Localization 1031 was not found for web.xml tracking-mode
[9.2.2025, 10:54:05] warn: Localization 1031 was not found for web.xml transport-guarantee
[9.2.2025, 10:54:05] info: Clean up logs files was started
[9.2.2025, 10:54:05] info: Clean up logs files was finished
