#-----------------------------P-R-O-O-F----------------------------------
#-----------PROGRAMM FOR RADAR AND OPTICAL OBSERVATION FORECASTING-------
# THIS IS A SUBSET OF THE CROSS REFERENCE FILE FOR DETERMINISTIC (TLE) OBJECTS
#COSPAR ID      NAME        SATNO      DIAMETER    ALBEDO     SHAPE
# [-]           [-]          [-]         [-]         [-]   sphere/plate (0/1)
1999-931A    Object_00001              99931    1.00    0.10    0
1997-140A    Object_00002              97140    1.00    0.10    0
1995-689A    Object_00003              95689    1.00    0.10    0
1995-506A    Object_00004              95506    1.00    0.10    0
1995-474A    Object_00005              95474    1.00    0.10    0
1995-463A    Object_00006              95463    1.00    0.10    0
1995-311A    Object_00007              95311    1.00    0.10    0
1995-307A    Object_00008              95307    1.00    0.10    0
1995-022A    Object_00009              95022    1.00    0.10    0
1995-012A    Object_00010              95012    1.00    0.10    0
1993-033A    Object_00011              93033    1.00    0.10    0
1992-903A    Object_00012              92903    1.00    0.10    0
1992-894A    Object_00013              92894    1.00    0.10    0
1992-822A    Object_00014              92822    1.00    0.10    0
1992-789A    Object_00015              92789    1.00    0.10    0
1992-777A    Object_00016              92777    1.00    0.10    0
1992-726A    Object_00017              92726    1.00    0.10    0
1992-682A    Object_00018              92682    1.00    0.10    0
1992-660A    Object_00019              92660    1.00    0.10    0
1992-653A    Object_00020              92653    1.00    0.10    0
1992-645A    Object_00021              92645    1.00    0.10    0
1992-618A    Object_00022              92618    1.00    0.10    0
1992-598A    Object_00023              92598    1.00    0.10    0
1992-595A    Object_00024              92595    1.00    0.10    0
1992-594A    Object_00025              92594    1.00    0.10    0
1992-580A    Object_00026              92580    1.00    0.10    0
1992-579A    Object_00027              92579    1.00    0.10    0
1992-574A    Object_00028              92574    1.00    0.10    0
1992-571A    Object_00029              92571    1.00    0.10    0
1992-558A    Object_00030              92558    1.00    0.10    0
1992-547A    Object_00031              92547    1.00    0.10    0
1992-514A    Object_00032              92514    1.00    0.10    0
1992-039A    Object_00033              92039    1.00    0.10    0
1991-510A    Object_00034              91510    1.00    0.10    0
1991-103A    Object_00035              91103    1.00    0.10    0
1991-090A    Object_00036              91090    1.00    0.10    0
1991-067A    Object_00037              91067    1.00    0.10    0
1991-048A    Object_00038              91048    1.00    0.10    0
1991-046A    Object_00039              91046    1.00    0.10    0
1991-042A    Object_00040              91042    1.00    0.10    0
1990-856A    Object_00041              90856    1.00    0.10    0
1990-704A    Object_00042              90704    1.00    0.10    0
1990-700A    Object_00043              90700    1.00    0.10    0
1990-697A    Object_00044              90697    1.00    0.10    0
1990-422A    Object_00045              90422    1.00    0.10    0
1990-413A    Object_00046              90413    1.00    0.10    0
1990-328A    Object_00047              90328    1.00    0.10    0
1990-271A    Object_00048              90271    1.00    0.10    0
1990-141A    Object_00049              90141    1.00    0.10    0
1990-124A    Object_00050              90124    1.00    0.10    0
1990-119A    Object_00051              90119    1.00    0.10    0
1990-116A    Object_00052              90116    1.00    0.10    0
1990-113A    Object_00053              90113    1.00    0.10    0
1990-112A    Object_00054              90112    1.00    0.10    0
1990-110A    Object_00055              90110    1.00    0.10    0
1990-104A    Object_00056              90104    1.00    0.10    0
1990-103A    Object_00057              90103    1.00    0.10    0
1990-093A    Object_00058              90093    1.00    0.10    0
1990-087A    Object_00059              90087    1.00    0.10    0
1990-086A    Object_00060              90086    1.00    0.10    0
1990-072A    Object_00061              90072    1.00    0.10    0
1990-057A    Object_00062              90057    1.00    0.10    0
1990-041A    Object_00063              90041    1.00    0.10    0
1990-035A    Object_00064              90035    1.00    0.10    0
1990-025A    Object_00065              90025    1.00    0.10    0
1990-023A    Object_00066              90023    1.00    0.10    0
1999-999A    Object_00067              99999    1.00    0.10    0
1999-999A    Object_00068              99999    1.00    0.10    0
1999-999A    Object_00069              99999    1.00    0.10    0
1999-999A    Object_00070              99999    1.00    0.10    0
1999-999A    Object_00071              99999    1.00    0.10    0
1999-999A    Object_00072              99999    1.00    0.10    0
1999-999A    Object_00073              99999    1.00    0.10    0
1999-999A    Object_00074              99999    1.00    0.10    0
1999-999A    Object_00075              99999    1.00    0.10    0
1999-999A    Object_00076              99999    1.00    0.10    0
1999-999A    Object_00077              99999    1.00    0.10    0
1999-999A    Object_00078              99999    1.00    0.10    0
1999-999A    Object_00079              99999    1.00    0.10    0
1999-999A    Object_00080              99999    1.00    0.10    0
1999-999A    Object_00081              99999    1.00    0.10    0
1999-999A    Object_00082              99999    1.00    0.10    0
1999-999A    Object_00083              99999    1.00    0.10    0
1999-999A    Object_00084              99999    1.00    0.10    0
1999-999A    Object_00085              99999    1.00    0.10    0
1999-999A    Object_00086              99999    1.00    0.10    0
1999-999A    Object_00087              99999    1.00    0.10    0
1999-999A    Object_00088              99999    1.00    0.10    0
1999-999A    Object_00089              99999    1.00    0.10    0
1999-999A    Object_00090              99999    1.00    0.10    0
1999-999A    Object_00091              99999    1.00    0.10    0
1999-999A    Object_00092              99999    1.00    0.10    0
1999-999A    Object_00093              99999    1.00    0.10    0
1999-999A    Object_00094              99999    1.00    0.10    0
1999-999A    Object_00095              99999    1.00    0.10    0
1999-999A    Object_00096              99999    1.00    0.10    0
1999-999A    Object_00097              99999    1.00    0.10    0
1999-999A    Object_00098              99999    1.00    0.10    0
1999-999A    Object_00099              99999    1.00    0.10    0
1999-999A    Object_00100              99999    1.00    0.10    0
1999-999A    Object_00101              99999    1.00    0.10    0
1999-999A    Object_00102              99999    1.00    0.10    0
1999-999A    Object_00103              99999    1.00    0.10    0
1999-999A    Object_00104              99999    1.00    0.10    0
1999-999A    Object_00105              99999    1.00    0.10    0
1999-999A    Object_00106              99999    1.00    0.10    0
1999-999A    Object_00107              99999    1.00    0.10    0
1999-999A    Object_00108              99999    1.00    0.10    0
1999-999A    Object_00109              99999    1.00    0.10    0
1999-999A    Object_00110              99999    1.00    0.10    0
1999-999A    Object_00111              99999    1.00    0.10    0
1999-999A    Object_00112              99999    1.00    0.10    0
1999-999A    Object_00113              99999    1.00    0.10    0
1999-999A    Object_00114              99999    1.00    0.10    0
1999-999A    Object_00115              99999    1.00    0.10    0
1999-999A    Object_00116              99999    1.00    0.10    0
1999-999A    Object_00117              99999    1.00    0.10    0
1999-999A    Object_00118              99999    1.00    0.10    0
1999-999A    Object_00119              99999    1.00    0.10    0
1999-999A    Object_00120              99999    1.00    0.10    0
1999-999A    Object_00121              99999    1.00    0.10    0
1999-999A    Object_00122              99999    1.00    0.10    0
1999-999A    Object_00123              99999    1.00    0.10    0
1999-999A    Object_00124              99999    1.00    0.10    0
1999-999A    Object_00125              99999    1.00    0.10    0
1999-999A    Object_00126              99999    1.00    0.10    0
1999-999A    Object_00127              99999    1.00    0.10    0
1999-999A    Object_00128              99999    1.00    0.10    0
1999-999A    Object_00129              99999    1.00    0.10    0
1999-999A    Object_00130              99999    1.00    0.10    0
1999-999A    Object_00131              99999    1.00    0.10    0
1999-999A    Object_00132              99999    1.00    0.10    0
1999-999A    Object_00133              99999    1.00    0.10    0
1999-999A    Object_00134              99999    1.00    0.10    0
1999-999A    Object_00135              99999    1.00    0.10    0
1999-999A    Object_00136              99999    1.00    0.10    0
1999-999A    Object_00137              99999    1.00    0.10    0
1999-999A    Object_00138              99999    1.00    0.10    0
1999-999A    Object_00139              99999    1.00    0.10    0
1999-999A    Object_00140              99999    1.00    0.10    0
1999-999A    Object_00141              99999    1.00    0.10    0
1999-999A    Object_00142              99999    1.00    0.10    0
1999-999A    Object_00143              99999    1.00    0.10    0
1999-999A    Object_00144              99999    1.00    0.10    0
1999-999A    Object_00145              99999    1.00    0.10    0
1999-999A    Object_00146              99999    1.00    0.10    0
1999-999A    Object_00147              99999    1.00    0.10    0
1999-999A    Object_00148              99999    1.00    0.10    0
1999-999A    Object_00149              99999    1.00    0.10    0
1999-999A    Object_00150              99999    1.00    0.10    0
1999-999A    Object_00151              99999    1.00    0.10    0
1999-999A    Object_00152              99999    1.00    0.10    0
1999-999A    Object_00153              99999    1.00    0.10    0
1999-999A    Object_00154              99999    1.00    0.10    0
1999-999A    Object_00155              99999    1.00    0.10    0
1999-999A    Object_00156              99999    1.00    0.10    0
1999-999A    Object_00157              99999    1.00    0.10    0
1999-999A    Object_00158              99999    1.00    0.10    0
1999-999A    Object_00159              99999    1.00    0.10    0
1999-999A    Object_00160              99999    1.00    0.10    0
1999-999A    Object_00161              99999    1.00    0.10    0
1999-999A    Object_00162              99999    1.00    0.10    0
1999-999A    Object_00163              99999    1.00    0.10    0
1999-999A    Object_00164              99999    1.00    0.10    0
1999-999A    Object_00165              99999    1.00    0.10    0
1999-999A    Object_00166              99999    1.00    0.10    0
1999-999A    Object_00167              99999    1.00    0.10    0
1999-999A    Object_00168              99999    1.00    0.10    0
1999-999A    Object_00169              99999    1.00    0.10    0
1999-999A    Object_00170              99999    1.00    0.10    0
1999-999A    Object_00171              99999    1.00    0.10    0
1999-999A    Object_00172              99999    1.00    0.10    0
1999-999A    Object_00173              99999    1.00    0.10    0
1999-999A    Object_00174              99999    1.00    0.10    0
1999-999A    Object_00175              99999    1.00    0.10    0
1999-999A    Object_00176              99999    1.00    0.10    0
1999-999A    Object_00177              99999    1.00    0.10    0
1999-999A    Object_00178              99999    1.00    0.10    0
1999-999A    Object_00179              99999    1.00    0.10    0
1999-999A    Object_00180              99999    1.00    0.10    0
1999-999A    Object_00181              99999    1.00    0.10    0
1999-999A    Object_00182              99999    1.00    0.10    0
1999-999A    Object_00183              99999    1.00    0.10    0
1999-999A    Object_00184              99999    1.00    0.10    0
1999-999A    Object_00185              99999    1.00    0.10    0
1999-999A    Object_00186              99999    1.00    0.10    0
1999-999A    Object_00187              99999    1.00    0.10    0
1999-999A    Object_00188              99999    1.00    0.10    0
1999-999A    Object_00189              99999    1.00    0.10    0
1999-999A    Object_00190              99999    1.00    0.10    0
1999-999A    Object_00191              99999    1.00    0.10    0
1999-999A    Object_00192              99999    1.00    0.10    0
1999-999A    Object_00193              99999    1.00    0.10    0
1999-999A    Object_00194              99999    1.00    0.10    0
1999-999A    Object_00195              99999    1.00    0.10    0
1999-999A    Object_00196              99999    1.00    0.10    0
1999-999A    Object_00197              99999    1.00    0.10    0
1999-999A    Object_00198              99999    1.00    0.10    0
1999-999A    Object_00199              99999    1.00    0.10    0
1999-999A    Object_00200              99999    1.00    0.10    0
1999-999A    Object_00201              99999    1.00    0.10    0
1999-999A    Object_00202              99999    1.00    0.10    0
1999-999A    Object_00203              99999    1.00    0.10    0
1999-999A    Object_00204              99999    1.00    0.10    0
1999-999A    Object_00205              99999    1.00    0.10    0
1999-999A    Object_00206              99999    1.00    0.10    0
1999-999A    Object_00207              99999    1.00    0.10    0
1999-999A    Object_00208              99999    1.00    0.10    0
1999-999A    Object_00209              99999    1.00    0.10    0
1999-999A    Object_00210              99999    1.00    0.10    0
1999-999A    Object_00211              99999    1.00    0.10    0
1999-999A    Object_00212              99999    1.00    0.10    0
1999-999A    Object_00213              99999    1.00    0.10    0
1999-999A    Object_00214              99999    1.00    0.10    0
1999-999A    Object_00215              99999    1.00    0.10    0
1999-999A    Object_00216              99999    1.00    0.10    0
1999-999A    Object_00217              99999    1.00    0.10    0
1999-999A    Object_00218              99999    1.00    0.10    0
1999-999A    Object_00219              99999    1.00    0.10    0
1999-999A    Object_00220              99999    1.00    0.10    0
1999-999A    Object_00221              99999    1.00    0.10    0
1999-999A    Object_00222              99999    1.00    0.10    0
1999-999A    Object_00223              99999    1.00    0.10    0
1999-999A    Object_00224              99999    1.00    0.10    0
1999-999A    Object_00225              99999    1.00    0.10    0
1999-999A    Object_00226              99999    1.00    0.10    0
1999-999A    Object_00227              99999    1.00    0.10    0
1999-999A    Object_00228              99999    1.00    0.10    0
1999-999A    Object_00229              99999    1.00    0.10    0
1999-999A    Object_00230              99999    1.00    0.10    0
1999-999A    Object_00231              99999    1.00    0.10    0
1999-999A    Object_00232              99999    1.00    0.10    0
1999-999A    Object_00233              99999    1.00    0.10    0
1925-021A    Object_00234              25021    1.00    0.10    0
1924-931A    Object_00235              24931    1.00    0.10    0
1925-611A    Object_00236              25611    1.00    0.10    0
1924-820A    Object_00237              24820    1.00    0.10    0
1923-648A    Object_00238              23648    1.00    0.10    0
1923-524A    Object_00239              23524    1.00    0.10    0
1923-438A    Object_00240              23438    1.00    0.10    0
1923-415A    Object_00241              23415    1.00    0.10    0
1923-111A    Object_00242              23111    1.00    0.10    0
1922-910A    Object_00243              22910    1.00    0.10    0
1922-738A    Object_00244              22738    1.00    0.10    0
1922-213A    Object_00245              22213    1.00    0.10    0
1922-011A    Object_00246              22011    1.00    0.10    0
1921-925A    Object_00247              21925    1.00    0.10    0
1921-807A    Object_00248              21807    1.00    0.10    0
1921-536A    Object_00249              21536    1.00    0.10    0
1921-135A    Object_00250              21135    1.00    0.10    0
1920-205A    Object_00251              20205    1.00    0.10    0
1920-122A    Object_00252              20122    1.00    0.10    0
1920-110A    Object_00253              20110    1.00    0.10    0
1920-069A    Object_00254              20069    1.00    0.10    0
1919-686A    Object_00255              19686    1.00    0.10    0
1919-094A    Object_00256              19094    1.00    0.10    0
1918-634A    Object_00257              18634    1.00    0.10    0
1918-584A    Object_00258              18584    1.00    0.10    0
1918-331A    Object_00259              18331    1.00    0.10    0
1917-972A    Object_00260              17972    1.00    0.10    0
1916-732A    Object_00261              16732    1.00    0.10    0
1916-119A    Object_00262              16119    1.00    0.10    0
1915-630A    Object_00263              15630    1.00    0.10    0
1915-487A    Object_00264              15487    1.00    0.10    0
1915-454A    Object_00265              15454    1.00    0.10    0
1917-875A    Object_00266              17875    1.00    0.10    0
1915-693A    Object_00267              15693    1.00    0.10    0
1914-931A    Object_00268              14931    1.00    0.10    0
1915-139A    Object_00269              15139    1.00    0.10    0
1914-394A    Object_00270              14394    1.00    0.10    0
1914-086A    Object_00271              14086    1.00    0.10    0
1914-115A    Object_00272              14115    1.00    0.10    0
1913-089A    Object_00273              13089    1.00    0.10    0
1914-117A    Object_00274              14117    1.00    0.10    0
1912-851A    Object_00275              12851    1.00    0.10    0
1912-371A    Object_00276              12371    1.00    0.10    0
1912-471A    Object_00277              12471    1.00    0.10    0
1914-193A    Object_00278              14193    1.00    0.10    0
1913-900A    Object_00279              13900    1.00    0.10    0
1959-986A    Object_00280              59986    1.00    0.10    0
1911-571A    Object_00281              11571    1.00    0.10    0
1959-985A    Object_00282              59985    1.00    0.10    0
1911-569A    Object_00283              11569    1.00    0.10    0
1913-753A    Object_00284              13753    1.00    0.10    0
1920-962A    Object_00285              20962    1.00    0.10    0
1907-318A    Object_00286              07318    1.00    0.10    0
1911-567A    Object_00287              11567    1.00    0.10    0
1904-478A    Object_00288              04478    1.00    0.10    0
1943-456A    Object_00289              43456    1.00    0.10    0
1943-454A    Object_00290              43454    1.00    0.10    0
1943-453A    Object_00291              43453    1.00    0.10    0
1938-698A    Object_00292              38698    1.00    0.10    0
1938-697A    Object_00293              38697    1.00    0.10    0
1938-694A    Object_00294              38694    1.00    0.10    0
1938-693A    Object_00295              38693    1.00    0.10    0
1933-513A    Object_00296              33513    1.00    0.10    0
1933-512A    Object_00297              33512    1.00    0.10    0
1933-510A    Object_00298              33510    1.00    0.10    0
1933-509A    Object_00299              33509    1.00    0.10    0
1930-000A    Object_00300              30000    1.00    0.10    0
1925-001A    Object_00301              25001    1.00    0.10    0
1925-000A    Object_00302              25000    1.00    0.10    0
1903-432A    Object_00303              03432    1.00    0.10    0
1959-983A    Object_00304              59983    1.00    0.10    0
1959-981A    Object_00305              59981    1.00    0.10    0
1959-980A    Object_00306              59980    1.00    0.10    0
1959-979A    Object_00307              59979    1.00    0.10    0
1959-978A    Object_00308              59978    1.00    0.10    0
1938-705A    Object_00309              38705    1.00    0.10    0
1938-704A    Object_00310              38704    1.00    0.10    0
1938-703A    Object_00311              38703    1.00    0.10    0
1938-702A    Object_00312              38702    1.00    0.10    0
1938-700A    Object_00313              38700    1.00    0.10    0
1903-428A    Object_00314              03428    1.00    0.10    0
1903-292A    Object_00315              03292    1.00    0.10    0
1903-291A    Object_00316              03291    1.00    0.10    0
1903-290A    Object_00317              03290    1.00    0.10    0
1903-289A    Object_00318              03289    1.00    0.10    0
1903-288A    Object_00319              03288    1.00    0.10    0
1903-287A    Object_00320              03287    1.00    0.10    0
1903-286A    Object_00321              03286    1.00    0.10    0
1903-285A    Object_00322              03285    1.00    0.10    0
1903-284A    Object_00323              03284    1.00    0.10    0
1902-868A    Object_00324              02868    1.00    0.10    0
1902-867A    Object_00325              02867    1.00    0.10    0
1902-866A    Object_00326              02866    1.00    0.10    0
1902-865A    Object_00327              02865    1.00    0.10    0
1902-864A    Object_00328              02864    1.00    0.10    0
1902-863A    Object_00329              02863    1.00    0.10    0
1902-862A    Object_00330              02862    1.00    0.10    0
1902-655A    Object_00331              02655    1.00    0.10    0
1902-654A    Object_00332              02654    1.00    0.10    0
1902-653A    Object_00333              02653    1.00    0.10    0
1902-652A    Object_00334              02652    1.00    0.10    0
1902-651A    Object_00335              02651    1.00    0.10    0
1902-650A    Object_00336              02650    1.00    0.10    0
1902-649A    Object_00337              02649    1.00    0.10    0
1902-645A    Object_00338              02645    1.00    0.10    0
1902-222A    Object_00339              02222    1.00    0.10    0
1922-21A     Object_00340              2221     1.00    0.10    0
1902-220A    Object_00341              02220    1.00    0.10    0
1902-219A    Object_00342              02219    1.00    0.10    0
1902-218A    Object_00343              02218    1.00    0.10    0
1902-217A    Object_00344              02217    1.00    0.10    0
1902-216A    Object_00345              02216    1.00    0.10    0
1902-215A    Object_00346              02215    1.00    0.10    0
1902-207A    Object_00347              02207    1.00    0.10    0
1956-373A    Object_00348              56373    1.00    0.10    0
1955-507A    Object_00349              55507    1.00    0.10    0
1955-267A    Object_00350              55267    1.00    0.10    0
1955-266A    Object_00351              55266    1.00    0.10    0
1955-265A    Object_00352              55265    1.00    0.10    0
1953-962A    Object_00353              53962    1.00    0.10    0
1951-287A    Object_00354              51287    1.00    0.10    0
1946-091A    Object_00355              46091    1.00    0.10    0
1945-041A    Object_00356              45041    1.00    0.10    0
1944-904A    Object_00357              44904    1.00    0.10    0
1943-446A    Object_00358              43446    1.00    0.10    0
1943-445A    Object_00359              43445    1.00    0.10    0
1943-342A    Object_00360              43342    1.00    0.10    0
1943-341A    Object_00361              43341    1.00    0.10    0
1962-005A    Object_00362              62005    1.00    0.10    0
1962-004A    Object_00363              62004    1.00    0.10    0
1961-997A    Object_00364              61997    1.00    0.10    0
1961-995A    Object_00365              61995    1.00    0.10    0
1961-993A    Object_00366              61993    1.00    0.10    0
1961-991A    Object_00367              61991    1.00    0.10    0
1961-990A    Object_00368              61990    1.00    0.10    0
1941-585A    Object_00369              41585    1.00    0.10    0
1941-548A    Object_00370              41548    1.00    0.10    0
1941-547A    Object_00371              41547    1.00    0.10    0
1941-544A    Object_00372              41544    1.00    0.10    0
1941-543A    Object_00373              41543    1.00    0.10    0
1999-999A    Object_00374              99999    1.00    0.10    0
1999-999A    Object_00375              99999    1.00    0.10    0
1941-106A    Object_00376              41106    1.00    0.10    0
1940-990A    Object_00377              40990    1.00    0.10    0
1940-989A    Object_00378              40989    1.00    0.10    0
1939-376A    Object_00379              39376    1.00    0.10    0
1940-872A    Object_00380              40872    1.00    0.10    0
1940-871A    Object_00381              40871    1.00    0.10    0
1938-529A    Object_00382              38529    1.00    0.10    0
1937-807A    Object_00383              37807    1.00    0.10    0
1937-345A    Object_00384              37345    1.00    0.10    0
1937-233A    Object_00385              37233    1.00    0.10    0
1936-359A    Object_00386              36359    1.00    0.10    0
1933-465A    Object_00387              33465    1.00    0.10    0
1932-479A    Object_00388              32479    1.00    0.10    0
1932-375A    Object_00389              32375    1.00    0.10    0
1929-233A    Object_00390              29233    1.00    0.10    0
1999-999A    Object_00391              99999    1.00    0.10    0
1999-999A    Object_00392              99999    1.00    0.10    0
1999-999A    Object_00393              99999    1.00    0.10    0
1928-491A    Object_00394              28491    1.00    0.10    0
1927-693A    Object_00395              27693    1.00    0.10    0
1999-999A    Object_00396              99999    1.00    0.10    0
1999-999A    Object_00397              99999    1.00    0.10    0
1926-745A    Object_00398              26745    1.00    0.10    0
1926-577A    Object_00399              26577    1.00    0.10    0
1926-054A    Object_00400              26054    1.00    0.10    0
1983-934A    Object_00401              83934    1.00    0.10    0