#-----------------------------P-R-O-O-F----------------------------------
#-----------PROGRAMM FOR RADAR AND OPTICAL OBSERVATION FORECASTING-------
# THIS IS A SUBSET OF THE CROSS REFERENCE FILE FOR DETERMINISTIC (TLE) OBJECTS
#COSPAR ID      NAME        SATNO      DIAMETER    ALBEDO     SHAPE
# [-]           [-]          [-]         [-]         [-]   sphere/plate (0/1)
1953-961A    Object_00001              53961    1.00    0.10    0
1943-539A    Object_00002              43539    1.00    0.10    0
1944-637A    Object_00003              44637    1.00    0.10    0
1951-850A    Object_00004              51850    1.00    0.10    0
1948-618A    Object_00005              48618    1.00    0.10    0
1944-479A    Object_00006              44479    1.00    0.10    0
1944-034A    Object_00007              44034    1.00    0.10    0
1943-632A    Object_00008              43632    1.00    0.10    0
1944-307A    Object_00009              44307    1.00    0.10    0
1936-101A    Object_00010              36101    1.00    0.10    0
1939-612A    Object_00011              39612    1.00    0.10    0
1939-034A    Object_00012              39034    1.00    0.10    0
1958-698A    Object_00013              58698    1.00    0.10    0
1936-411A    Object_00014              36411    1.00    0.10    0
1940-277A    Object_00015              40277    1.00    0.10    0
1937-605A    Object_00016              37605    1.00    0.10    0
1936-032A    Object_00017              36032    1.00    0.10    0
1939-237A    Object_00018              39237    1.00    0.10    0
1941-911A    Object_00019              41911    1.00    0.10    0
1939-020A    Object_00020              39020    1.00    0.10    0
1942-950A    Object_00021              42950    1.00    0.10    0
1938-107A    Object_00022              38107    1.00    0.10    0
1938-098A    Object_00023              38098    1.00    0.10    0
1923-680A    Object_00024              23680    1.00    0.10    0
1939-498A    Object_00025              39498    1.00    0.10    0
1922-694A    Object_00026              22694    1.00    0.10    0
1923-448A    Object_00027              23448    1.00    0.10    0
1935-942A    Object_00028              35942    1.00    0.10    0
1937-265A    Object_00029              37265    1.00    0.10    0
1937-207A    Object_00030              37207    1.00    0.10    0
1929-349A    Object_00031              29349    1.00    0.10    0
1926-900A    Object_00032              26900    1.00    0.10    0
1942-942A    Object_00033              42942    1.00    0.10    0
1943-463A    Object_00034              43463    1.00    0.10    0
1944-457A    Object_00035              44457    1.00    0.10    0
1936-581A    Object_00036              36581    1.00    0.10    0
1942-917A    Object_00037              42917    1.00    0.10    0
1941-105A    Object_00038              41105    1.00    0.10    0
1942-075A    Object_00039              42075    1.00    0.10    0
1943-272A    Object_00040              43272    1.00    0.10    0
1942-818A    Object_00041              42818    1.00    0.10    0
1938-091A    Object_00042              38091    1.00    0.10    0
1913-983A    Object_00043              13983    1.00    0.10    0
1938-070A    Object_00044              38070    1.00    0.10    0
1940-345A    Object_00045              40345    1.00    0.10    0
1933-051A    Object_00046              33051    1.00    0.10    0
1939-460A    Object_00047              39460    1.00    0.10    0
1925-048A    Object_00048              25048    1.00    0.10    0
1945-985A    Object_00049              45985    1.00    0.10    0
1937-150A    Object_00050              37150    1.00    0.10    0
1944-624A    Object_00051              44624    1.00    0.10    0
1940-613A    Object_00052              40613    1.00    0.10    0
1941-308A    Object_00053              41308    1.00    0.10    0
1945-344A    Object_00054              45344    1.00    0.10    0
1915-993A    Object_00055              15993    1.00    0.10    0
1962-006A    Object_00056              62006    1.00    0.10    0
1923-613A    Object_00057              23613    1.00    0.10    0
1941-882A    Object_00058              41882    1.00    0.10    0
1958-51A     Object_00059              5851     1.00    0.10    0
1911-708A    Object_00060              11708    1.00    0.10    0
1918-922A    Object_00061              18922    1.00    0.10    0
1920-923A    Object_00062              20923    1.00    0.10    0
1938-352A    Object_00063              38352    1.00    0.10    0
1941-021A    Object_00064              41021    1.00    0.10    0
1933-274A    Object_00065              33274    1.00    0.10    0
1941-552A    Object_00066              41552    1.00    0.10    0
1943-683A    Object_00067              43683    1.00    0.10    0
1935-755A    Object_00068              35755    1.00    0.10    0
1943-823A    Object_00069              43823    1.00    0.10    0
1929-272A    Object_00070              29272    1.00    0.10    0
1960-606A    Object_00071              60606    1.00    0.10    0
1925-897A    Object_00072              25897    1.00    0.10    0
1921-129A    Object_00073              21129    1.00    0.10    0
1916-199A    Object_00074              16199    1.00    0.10    0
1918-575A    Object_00075              18575    1.00    0.10    0
1938-953A    Object_00076              38953    1.00    0.10    0
1936-590A    Object_00077              36590    1.00    0.10    0
1940-924A    Object_00078              40924    1.00    0.10    0
1927-513A    Object_00079              27513    1.00    0.10    0
1928-184A    Object_00080              28184    1.00    0.10    0
1912-618A    Object_00081              12618    1.00    0.10    0
1939-375A    Object_00082              39375    1.00    0.10    0
1920-836A    Object_00083              20836    1.00    0.10    0
1941-838A    Object_00084              41838    1.00    0.10    0
1943-874A    Object_00085              43874    1.00    0.10    0
1924-652A    Object_00086              24652    1.00    0.10    0
1927-17A     Object_00087              2717     1.00    0.10    0
1949-330A    Object_00088              49330    1.00    0.10    0
1925-967A    Object_00089              25967    1.00    0.10    0
1959-020A    Object_00090              59020    1.00    0.10    0
1950-321A    Object_00091              50321    1.00    0.10    0
1922-314A    Object_00092              22314    1.00    0.10    0
1926-381A    Object_00093              26381    1.00    0.10    0
1942-934A    Object_00094              42934    1.00    0.10    0
1938-342A    Object_00095              38342    1.00    0.10    0
1913-782A    Object_00096              13782    1.00    0.10    0
1914-050A    Object_00097              14050    1.00    0.10    0
1954-741A    Object_00098              54741    1.00    0.10    0
1929-236A    Object_00099              29236    1.00    0.10    0
1944-333A    Object_00100              44333    1.00    0.10    0
1929-494A    Object_00101              29494    1.00    0.10    0
1931-862A    Object_00102              31862    1.00    0.10    0
1941-622A    Object_00103              41622    1.00    0.10    0
1953-355A    Object_00104              53355    1.00    0.10    0
1928-935A    Object_00105              28935    1.00    0.10    0
1928-378A    Object_00106              28378    1.00    0.10    0
1929-643A    Object_00107              29643    1.00    0.10    0
1931-102A    Object_00108              31102    1.00    0.10    0
1954-243A    Object_00109              54243    1.00    0.10    0
1933-275A    Object_00110              33275    1.00    0.10    0
1918-443A    Object_00111              18443    1.00    0.10    0
1959-069A    Object_00112              59069    1.00    0.10    0
1944-800A    Object_00113              44800    1.00    0.10    0
1950-005A    Object_00114              50005    1.00    0.10    0
1925-666A    Object_00115              25666    1.00    0.10    0
1960-327A    Object_00116              60327    1.00    0.10    0
1927-711A    Object_00117              27711    1.00    0.10    0
1927-718A    Object_00118              27718    1.00    0.10    0
1944-231A    Object_00119              44231    1.00    0.10    0
1941-434A    Object_00120              41434    1.00    0.10    0
1925-086A    Object_00121              25086    1.00    0.10    0
1944-048A    Object_00122              44048    1.00    0.10    0
1949-056A    Object_00123              49056    1.00    0.10    0
1940-982A    Object_00124              40982    1.00    0.10    0
1932-478A    Object_00125              32478    1.00    0.10    0
1936-287A    Object_00126              36287    1.00    0.10    0
1945-465A    Object_00127              45465    1.00    0.10    0
1950-574A    Object_00128              50574    1.00    0.10    0
1945-245A    Object_00129              45245    1.00    0.10    0
1915-824A    Object_00130              15824    1.00    0.10    0
1920-041A    Object_00131              20041    1.00    0.10    0
1920-410A    Object_00132              20410    1.00    0.10    0
1944-067A    Object_00133              44067    1.00    0.10    0
1949-505A    Object_00134              49505    1.00    0.10    0
1943-920A    Object_00135              43920    1.00    0.10    0
1941-469A    Object_00136              41469    1.00    0.10    0
1939-216A    Object_00137              39216    1.00    0.10    0
1956-759A    Object_00138              56759    1.00    0.10    0
1942-965A    Object_00139              42965    1.00    0.10    0
1941-034A    Object_00140              41034    1.00    0.10    0
1919-874A    Object_00141              19874    1.00    0.10    0
1915-873A    Object_00142              15873    1.00    0.10    0
1920-253A    Object_00143              20253    1.00    0.10    0
1955-264A    Object_00144              55264    1.00    0.10    0
1927-378A    Object_00145              27378    1.00    0.10    0
1946-916A    Object_00146              46916    1.00    0.10    0
1958-582A    Object_00147              58582    1.00    0.10    0
1940-141A    Object_00148              40141    1.00    0.10    0
1944-337A    Object_00149              44337    1.00    0.10    0
1952-940A    Object_00150              52940    1.00    0.10    0
1946-610A    Object_00151              46610    1.00    0.10    0
1941-944A    Object_00152              41944    1.00    0.10    0
1945-920A    Object_00153              45920    1.00    0.10    0
1942-691A    Object_00154              42691    1.00    0.10    0
1958-253A    Object_00155              58253    1.00    0.10    0
1921-821A    Object_00156              21821    1.00    0.10    0
1931-800A    Object_00157              31800    1.00    0.10    0
1942-984A    Object_00158              42984    1.00    0.10    0
1958-995A    Object_00159              58995    1.00    0.10    0
1917-561A    Object_00160              17561    1.00    0.10    0
1918-384A    Object_00161              18384    1.00    0.10    0
1941-586A    Object_00162              41586    1.00    0.10    0
1945-807A    Object_00163              45807    1.00    0.10    0
1937-776A    Object_00164              37776    1.00    0.10    0
1932-019A    Object_00165              32019    1.00    0.10    0
1909-862A    Object_00166              09862    1.00    0.10    0
1916-667A    Object_00167              16667    1.00    0.10    0
1934-941A    Object_00168              34941    1.00    0.10    0
1943-587A    Object_00169              43587    1.00    0.10    0
1944-978A    Object_00170              44978    1.00    0.10    0
1941-194A    Object_00171              41194    1.00    0.10    0
1937-933A    Object_00172              37933    1.00    0.10    0
1941-725A    Object_00173              41725    1.00    0.10    0
1914-951A    Object_00174              14951    1.00    0.10    0
1935-696A    Object_00175              35696    1.00    0.10    0
1917-874A    Object_00176              17874    1.00    0.10    0
1929-014A    Object_00177              29014    1.00    0.10    0
1939-157A    Object_00178              39157    1.00    0.10    0
1942-695A    Object_00179              42695    1.00    0.10    0
1911-581A    Object_00180              11581    1.00    0.10    0
1930-794A    Object_00181              30794    1.00    0.10    0
1939-727A    Object_00182              39727    1.00    0.10    0
1911-273A    Object_00183              11273    1.00    0.10    0
1911-153A    Object_00184              11153    1.00    0.10    0
1910-061A    Object_00185              10061    1.00    0.10    0
1952-904A    Object_00186              52904    1.00    0.10    0
1944-481A    Object_00187              44481    1.00    0.10    0
1937-606A    Object_00188              37606    1.00    0.10    0
1939-017A    Object_00189              39017    1.00    0.10    0
1912-120A    Object_00190              12120    1.00    0.10    0
1937-749A    Object_00191              37749    1.00    0.10    0
1912-897A    Object_00192              12897    1.00    0.10    0
1936-358A    Object_00193              36358    1.00    0.10    0
1914-725A    Object_00194              14725    1.00    0.10    0
1914-948A    Object_00195              14948    1.00    0.10    0
1945-026A    Object_00196              45026    1.00    0.10    0
1940-269A    Object_00197              40269    1.00    0.10    0
1909-416A    Object_00198              09416    1.00    0.10    0
1940-880A    Object_00199              40880    1.00    0.10    0
1958-990A    Object_00200              58990    1.00    0.10    0
1947-321A    Object_00201              47321    1.00    0.10    0
1911-343A    Object_00202              11343    1.00    0.10    0
1914-783A    Object_00203              14783    1.00    0.10    0
1943-491A    Object_00204              43491    1.00    0.10    0
1913-177A    Object_00205              13177    1.00    0.10    0
1939-500A    Object_00206              39500    1.00    0.10    0
1944-076A    Object_00207              44076    1.00    0.10    0
1914-940A    Object_00208              14940    1.00    0.10    0
1944-903A    Object_00209              44903    1.00    0.10    0
1940-887A    Object_00210              40887    1.00    0.10    0
1939-508A    Object_00211              39508    1.00    0.10    0
1910-294A    Object_00212              10294    1.00    0.10    0
1939-234A    Object_00213              39234    1.00    0.10    0
1944-910A    Object_00214              44910    1.00    0.10    0
1913-974A    Object_00215              13974    1.00    0.10    0
1910-792A    Object_00216              10792    1.00    0.10    0
1911-561A    Object_00217              11561    1.00    0.10    0
1937-481A    Object_00218              37481    1.00    0.10    0
1907-392A    Object_00219              07392    1.00    0.10    0
1911-440A    Object_00220              11440    1.00    0.10    0
1935-943A    Object_00221              35943    1.00    0.10    0
1943-864A    Object_00222              43864    1.00    0.10    0
1925-880A    Object_00223              25880    1.00    0.10    0
1920-800A    Object_00224              20800    1.00    0.10    0
1919-397A    Object_00225              19397    1.00    0.10    0
1937-677A    Object_00226              37677    1.00    0.10    0
1958-204A    Object_00227              58204    1.00    0.10    0
1925-462A    Object_00228              25462    1.00    0.10    0
1937-237A    Object_00229              37237    1.00    0.10    0
1911-648A    Object_00230              11648    1.00    0.10    0
1917-872A    Object_00231              17872    1.00    0.10    0
1910-365A    Object_00232              10365    1.00    0.10    0
1909-503A    Object_00233              09503    1.00    0.10    0
1937-393A    Object_00234              37393    1.00    0.10    0
1940-617A    Object_00235              40617    1.00    0.10    0
1941-238A    Object_00236              41238    1.00    0.10    0
1937-950A    Object_00237              37950    1.00    0.10    0
1955-131A    Object_00238              55131    1.00    0.10    0
1939-079A    Object_00239              39079    1.00    0.10    0
1938-014A    Object_00240              38014    1.00    0.10    0
1933-056A    Object_00241              33056    1.00    0.10    0
1955-180A    Object_00242              55180    1.00    0.10    0
1940-505A    Object_00243              40505    1.00    0.10    0
1942-814A    Object_00244              42814    1.00    0.10    0
1910-987A    Object_00245              10987    1.00    0.10    0
1937-779A    Object_00246              37779    1.00    0.10    0
1939-509A    Object_00247              39509    1.00    0.10    0
1941-191A    Object_00248              41191    1.00    0.10    0
1908-482A    Object_00249              08482    1.00    0.10    0
1941-384A    Object_00250              41384    1.00    0.10    0
1929-270A    Object_00251              29270    1.00    0.10    0
1923-779A    Object_00252              23779    1.00    0.10    0
1944-186A    Object_00253              44186    1.00    0.10    0
1936-868A    Object_00254              36868    1.00    0.10    0
1912-996A    Object_00255              12996    1.00    0.10    0
1939-285A    Object_00256              39285    1.00    0.10    0
1929-526A    Object_00257              29526    1.00    0.10    0
1943-700A    Object_00258              43700    1.00    0.10    0
1939-233A    Object_00259              39233    1.00    0.10    0
1950-322A    Object_00260              50322    1.00    0.10    0
1932-294A    Object_00261              32294    1.00    0.10    0
1927-875A    Object_00262              27875    1.00    0.10    0
1954-033A    Object_00263              54033    1.00    0.10    0
1928-885A    Object_00264              28885    1.00    0.10    0
1938-992A    Object_00265              38992    1.00    0.10    0
1937-810A    Object_00266              37810    1.00    0.10    0
1929-055A    Object_00267              29055    1.00    0.10    0
1923-314A    Object_00268              23314    1.00    0.10    0
1929-642A    Object_00269              29642    1.00    0.10    0
1936-582A    Object_00270              36582    1.00    0.10    0
1924-713A    Object_00271              24713    1.00    0.10    0
1942-749A    Object_00272              42749    1.00    0.10    0
1932-500A    Object_00273              32500    1.00    0.10    0
1940-732A    Object_00274              40732    1.00    0.10    0
1941-310A    Object_00275              41310    1.00    0.10    0
1934-265A    Object_00276              34265    1.00    0.10    0
1932-299A    Object_00277              32299    1.00    0.10    0
1938-652A    Object_00278              38652    1.00    0.10    0
1929-273A    Object_00279              29273    1.00    0.10    0
1942-801A    Object_00280              42801    1.00    0.10    0
1938-552A    Object_00281              38552    1.00    0.10    0
1954-743A    Object_00282              54743    1.00    0.10    0
1940-107A    Object_00283              40107    1.00    0.10    0
1932-794A    Object_00284              32794    1.00    0.10    0
1923-877A    Object_00285              23877    1.00    0.10    0
1933-595A    Object_00286              33595    1.00    0.10    0
1942-915A    Object_00287              42915    1.00    0.10    0
1920-873A    Object_00288              20873    1.00    0.10    0
1933-459A    Object_00289              33459    1.00    0.10    0
1933-055A    Object_00290              33055    1.00    0.10    0
1940-258A    Object_00291              40258    1.00    0.10    0
1926-382A    Object_00292              26382    1.00    0.10    0
1949-818A    Object_00293              49818    1.00    0.10    0
1943-174A    Object_00294              43174    1.00    0.10    0
1921-964A    Object_00295              21964    1.00    0.10    0
1920-168A    Object_00296              20168    1.00    0.10    0
1922-272A    Object_00297              22272    1.00    0.10    0
1922-027A    Object_00298              22027    1.00    0.10    0
1912-930A    Object_00299              12930    1.00    0.10    0
1923-522A    Object_00300              23522    1.00    0.10    0
1937-264A    Object_00301              37264    1.00    0.10    0
1923-880A    Object_00302              23880    1.00    0.10    0
1923-168A    Object_00303              23168    1.00    0.10    0
1927-169A    Object_00304              27169    1.00    0.10    0
1922-112A    Object_00305              22112    1.00    0.10    0
1919-400A    Object_00306              19400    1.00    0.10    0
1919-687A    Object_00307              19687    1.00    0.10    0
1915-574A    Object_00308              15574    1.00    0.10    0
1908-330A    Object_00309              08330    1.00    0.10    0
1941-382A    Object_00310              41382    1.00    0.10    0
1932-768A    Object_00311              32768    1.00    0.10    0
1949-332A    Object_00312              49332    1.00    0.10    0
1940-272A    Object_00313              40272    1.00    0.10    0
1935-873A    Object_00314              35873    1.00    0.10    0
1920-837A    Object_00315              20837    1.00    0.10    0
1932-388A    Object_00316              32388    1.00    0.10    0
1939-616A    Object_00317              39616    1.00    0.10    0
1938-991A    Object_00318              38991    1.00    0.10    0
1936-397A    Object_00319              36397    1.00    0.10    0
1937-826A    Object_00320              37826    1.00    0.10    0
1940-664A    Object_00321              40664    1.00    0.10    0
1933-373A    Object_00322              33373    1.00    0.10    0
1936-106A    Object_00323              36106    1.00    0.10    0
1931-307A    Object_00324              31307    1.00    0.10    0
1908-366A    Object_00325              08366    1.00    0.10    0
1935-493A    Object_00326              35493    1.00    0.10    0
1937-809A    Object_00327              37809    1.00    0.10    0
1956-370A    Object_00328              56370    1.00    0.10    0
1928-702A    Object_00329              28702    1.00    0.10    0
1954-742A    Object_00330              54742    1.00    0.10    0
1927-445A    Object_00331              27445    1.00    0.10    0
1908-620A    Object_00332              08620    1.00    0.10    0
1949-115A    Object_00333              49115    1.00    0.10    0
1937-218A    Object_00334              37218    1.00    0.10    0
1937-748A    Object_00335              37748    1.00    0.10    0
1943-226A    Object_00336              43226    1.00    0.10    0
1942-967A    Object_00337              42967    1.00    0.10    0
1939-127A    Object_00338              39127    1.00    0.10    0
1949-125A    Object_00339              49125    1.00    0.10    0
1928-252A    Object_00340              28252    1.00    0.10    0
1940-946A    Object_00341              40946    1.00    0.10    0
1939-035A    Object_00342              39035    1.00    0.10    0
1941-748A    Object_00343              41748    1.00    0.10    0
1952-903A    Object_00344              52903    1.00    0.10    0
1940-367A    Object_00345              40367    1.00    0.10    0
1943-162A    Object_00346              43162    1.00    0.10    0
1938-690A    Object_00347              38690    1.00    0.10    0
1921-653A    Object_00348              21653    1.00    0.10    0
1906-691A    Object_00349              06691    1.00    0.10    0
1939-070A    Object_00350              39070    1.00    0.10    0
1929-398A    Object_00351              29398    1.00    0.10    0
1928-256A    Object_00352              28256    1.00    0.10    0
1911-558A    Object_00353              11558    1.00    0.10    0
1926-554A    Object_00354              26554    1.00    0.10    0
1928-924A    Object_00355              28924    1.00    0.10    0
1923-467A    Object_00356              23467    1.00    0.10    0
1922-205A    Object_00357              22205    1.00    0.10    0
1923-171A    Object_00358              23171    1.00    0.10    0
1926-397A    Object_00359              26397    1.00    0.10    0
1938-356A    Object_00360              38356    1.00    0.10    0
1954-230A    Object_00361              54230    1.00    0.10    0
1922-880A    Object_00362              22880    1.00    0.10    0
1924-894A    Object_00363              24894    1.00    0.10    0
1937-210A    Object_00364              37210    1.00    0.10    0
1956-564A    Object_00365              56564    1.00    0.10    0
1925-924A    Object_00366              25924    1.00    0.10    0
1939-296A    Object_00367              39296    1.00    0.10    0
1935-756A    Object_00368              35756    1.00    0.10    0
1940-892A    Object_00369              40892    1.00    0.10    0
1922-724A    Object_00370              22724    1.00    0.10    0
1915-385A    Object_00371              15385    1.00    0.10    0
1911-676A    Object_00372              11676    1.00    0.10    0
1938-332A    Object_00373              38332    1.00    0.10    0
1911-484A    Object_00374              11484    1.00    0.10    0
1936-744A    Object_00375              36744    1.00    0.10    0
1945-246A    Object_00376              45246    1.00    0.10    0
1907-544A    Object_00377              07544    1.00    0.10    0
1938-331A    Object_00378              38331    1.00    0.10    0
1920-799A    Object_00379              20799    1.00    0.10    0
1910-489A    Object_00380              10489    1.00    0.10    0
1910-159A    Object_00381              10159    1.00    0.10    0
1914-114A    Object_00382              14114    1.00    0.10    0
1960-179A    Object_00383              60179    1.00    0.10    0
1953-813A    Object_00384              53813    1.00    0.10    0
1947-256A    Object_00385              47256    1.00    0.10    0
1905-588A    Object_00386              05588    1.00    0.10    0
1906-380A    Object_00387              06380    1.00    0.10    0
1908-357A    Object_00388              08357    1.00    0.10    0
1902-639A    Object_00389              02639    1.00    0.10    0
1926-766A    Object_00390              26766    1.00    0.10    0
1908-513A    Object_00391              08513    1.00    0.10    0
1944-476A    Object_00392              44476    1.00    0.10    0
1939-635A    Object_00393              39635    1.00    0.10    0
1903-691A    Object_00394              03691    1.00    0.10    0
1927-825A    Object_00395              27825    1.00    0.10    0
1931-395A    Object_00396              31395    1.00    0.10    0
1923-949A    Object_00397              23949    1.00    0.10    0
1959-915A    Object_00398              59915    1.00    0.10    0
1937-238A    Object_00399              37238    1.00    0.10    0
1924-714A    Object_00400              24714    1.00    0.10    0
1925-258A    Object_00401              25258    1.00    0.10    0
1928-466A    Object_00402              28466    1.00    0.10    0
1924-798A    Object_00403              24798    1.00    0.10    0
1937-775A    Object_00404              37775    1.00    0.10    0
1932-708A    Object_00405              32708    1.00    0.10    0
1927-780A    Object_00406              27780    1.00    0.10    0
1926-892A    Object_00407              26892    1.00    0.10    0
1943-396A    Object_00408              43396    1.00    0.10    0
1939-773A    Object_00409              39773    1.00    0.10    0
1932-487A    Object_00410              32487    1.00    0.10    0
1936-033A    Object_00411              36033    1.00    0.10    0
1945-10A     Object_00412              4510     1.00    0.10    0
1920-777A    Object_00413              20777    1.00    0.10    0
1922-269A    Object_00414              22269    1.00    0.10    0
1926-246A    Object_00415              26246    1.00    0.10    0
1923-108A    Object_00416              23108    1.00    0.10    0
1932-404A    Object_00417              32404    1.00    0.10    0
1917-706A    Object_00418              17706    1.00    0.10    0
1921-702A    Object_00419              21702    1.00    0.10    0
1916-650A    Object_00420              16650    1.00    0.10    0
1919-550A    Object_00421              19550    1.00    0.10    0
1915-144A    Object_00422              15144    1.00    0.10    0
1917-705A    Object_00423              17705    1.00    0.10    0
1939-120A    Object_00424              39120    1.00    0.10    0
1920-391A    Object_00425              20391    1.00    0.10    0
1912-677A    Object_00426              12677    1.00    0.10    0
1905-775A    Object_00427              05775    1.00    0.10    0
1912-545A    Object_00428              12545    1.00    0.10    0
1941-945A    Object_00429              41945    1.00    0.10    0
1932-253A    Object_00430              32253    1.00    0.10    0
1929-648A    Object_00431              29648    1.00    0.10    0
1907-648A    Object_00432              07648    1.00    0.10    0
1910-024A    Object_00433              10024    1.00    0.10    0
1913-624A    Object_00434              13624    1.00    0.10    0
1943-175A    Object_00435              43175    1.00    0.10    0
1915-946A    Object_00436              15946    1.00    0.10    0
1913-643A    Object_00437              13643    1.00    0.10    0
1907-466A    Object_00438              07466    1.00    0.10    0
1912-447A    Object_00439              12447    1.00    0.10    0
1916-250A    Object_00440              16250    1.00    0.10    0
1938-867A    Object_00441              38867    1.00    0.10    0
1938-749A    Object_00442              38749    1.00    0.10    0
1936-792A    Object_00443              36792    1.00    0.10    0
1937-602A    Object_00444              37602    1.00    0.10    0
1928-187A    Object_00445              28187    1.00    0.10    0
1932-373A    Object_00446              32373    1.00    0.10    0
1926-715A    Object_00447              26715    1.00    0.10    0
1923-537A    Object_00448              23537    1.00    0.10    0
1926-356A    Object_00449              26356    1.00    0.10    0
1938-978A    Object_00450              38978    1.00    0.10    0
1933-749A    Object_00451              33749    1.00    0.10    0
1939-206A    Object_00452              39206    1.00    0.10    0
1923-775A    Object_00453              23775    1.00    0.10    0
1947-613A    Object_00454              47613    1.00    0.10    0
1915-561A    Object_00455              15561    1.00    0.10    0
1941-869A    Object_00456              41869    1.00    0.10    0
1923-270A    Object_00457              23270    1.00    0.10    0
1921-641A    Object_00458              21641    1.00    0.10    0
1922-245A    Object_00459              22245    1.00    0.10    0
1912-967A    Object_00460              12967    1.00    0.10    0
1926-359A    Object_00461              26359    1.00    0.10    0
1922-266A    Object_00462              22266    1.00    0.10    0
1919-076A    Object_00463              19076    1.00    0.10    0
1918-578A    Object_00464              18578    1.00    0.10    0
1911-568A    Object_00465              11568    1.00    0.10    0
1929-495A    Object_00466              29495    1.00    0.10    0
1947-851A    Object_00467              47851    1.00    0.10    0
1909-855A    Object_00468              09855    1.00    0.10    0
1908-916A    Object_00469              08916    1.00    0.10    0
1924-700A    Object_00470              24700    1.00    0.10    0
1945-863A    Object_00471              45863    1.00    0.10    0
1955-686A    Object_00472              55686    1.00    0.10    0
1928-786A    Object_00473              28786    1.00    0.10    0
1938-741A    Object_00474              38741    1.00    0.10    0
1941-794A    Object_00475              41794    1.00    0.10    0
1944-868A    Object_00476              44868    1.00    0.10    0
1940-938A    Object_00477              40938    1.00    0.10    0
1953-100A    Object_00478              53100    1.00    0.10    0
1955-912A    Object_00479              55912    1.00    0.10    0
1947-306A    Object_00480              47306    1.00    0.10    0
1943-645A    Object_00481              43645    1.00    0.10    0
1925-642A    Object_00482              25642    1.00    0.10    0
1937-256A    Object_00483              37256    1.00    0.10    0
1950-212A    Object_00484              50212    1.00    0.10    0
1939-522A    Object_00485              39522    1.00    0.10    0
1937-384A    Object_00486              37384    1.00    0.10    0
1944-204A    Object_00487              44204    1.00    0.10    0
1908-918A    Object_00488              08918    1.00    0.10    0
1920-659A    Object_00489              20659    1.00    0.10    0
1923-653A    Object_00490              23653    1.00    0.10    0
1923-639A    Object_00491              23639    1.00    0.10    0
1949-062A    Object_00492              49062    1.00    0.10    0
1928-139A    Object_00493              28139    1.00    0.10    0
1941-028A    Object_00494              41028    1.00    0.10    0
1942-815A    Object_00495              42815    1.00    0.10    0
1947-202A    Object_00496              47202    1.00    0.10    0
1928-094A    Object_00497              28094    1.00    0.10    0
1933-111A    Object_00498              33111    1.00    0.10    0
1928-158A    Object_00499              28158    1.00    0.10    0
1927-807A    Object_00500              27807    1.00    0.10    0
1933-108A    Object_00501              33108    1.00    0.10    0
1926-451A    Object_00502              26451    1.00    0.10    0
1934-264A    Object_00503              34264    1.00    0.10    0
1950-319A    Object_00504              50319    1.00    0.10    0
1944-475A    Object_00505              44475    1.00    0.10    0
1927-499A    Object_00506              27499    1.00    0.10    0
1926-089A    Object_00507              26089    1.00    0.10    0
1927-554A    Object_00508              27554    1.00    0.10    0
1940-547A    Object_00509              40547    1.00    0.10    0
1941-241A    Object_00510              41241    1.00    0.10    0
1925-050A    Object_00511              25050    1.00    0.10    0
1914-421A    Object_00512              14421    1.00    0.10    0
1923-319A    Object_00513              23319    1.00    0.10    0
1937-948A    Object_00514              37948    1.00    0.10    0
1939-298A    Object_00515              39298    1.00    0.10    0
1922-963A    Object_00516              22963    1.00    0.10    0
1921-939A    Object_00517              21939    1.00    0.10    0
1924-438A    Object_00518              24438    1.00    0.10    0
1926-373A    Object_00519              26373    1.00    0.10    0
1925-638A    Object_00520              25638    1.00    0.10    0
1923-839A    Object_00521              23839    1.00    0.10    0
1942-662A    Object_00522              42662    1.00    0.10    0
1941-380A    Object_00523              41380    1.00    0.10    0
1942-951A    Object_00524              42951    1.00    0.10    0
1933-458A    Object_00525              33458    1.00    0.10    0
1928-194A    Object_00526              28194    1.00    0.10    0
1928-117A    Object_00527              28117    1.00    0.10    0
1928-634A    Object_00528              28634    1.00    0.10    0
1924-897A    Object_00529              24897    1.00    0.10    0
1923-720A    Object_00530              23720    1.00    0.10    0
1914-328A    Object_00531              14328    1.00    0.10    0
1940-549A    Object_00532              40549    1.00    0.10    0
1928-218A    Object_00533              28218    1.00    0.10    0
1926-107A    Object_00534              26107    1.00    0.10    0
1922-116A    Object_00535              22116    1.00    0.10    0
1923-723A    Object_00536              23723    1.00    0.10    0
1940-147A    Object_00537              40147    1.00    0.10    0
1937-951A    Object_00538              37951    1.00    0.10    0
1926-575A    Object_00539              26575    1.00    0.10    0
1927-714A    Object_00540              27714    1.00    0.10    0
1941-879A    Object_00541              41879    1.00    0.10    0
1910-981A    Object_00542              10981    1.00    0.10    0
1928-132A    Object_00543              28132    1.00    0.10    0
1925-153A    Object_00544              25153    1.00    0.10    0
1924-315A    Object_00545              24315    1.00    0.10    0
1941-591A    Object_00546              41591    1.00    0.10    0
1922-210A    Object_00547              22210    1.00    0.10    0
1941-729A    Object_00548              41729    1.00    0.10    0
1928-089A    Object_00549              28089    1.00    0.10    0
1932-252A    Object_00550              32252    1.00    0.10    0
1943-488A    Object_00551              43488    1.00    0.10    0
1940-267A    Object_00552              40267    1.00    0.10    0
1941-836A    Object_00553              41836    1.00    0.10    0
1939-487A    Object_00554              39487    1.00    0.10    0
1927-831A    Object_00555              27831    1.00    0.10    0
1942-738A    Object_00556              42738    1.00    0.10    0
1932-767A    Object_00557              32767    1.00    0.10    0
1929-045A    Object_00558              29045    1.00    0.10    0
1955-239A    Object_00559              55239    1.00    0.10    0
1943-432A    Object_00560              43432    1.00    0.10    0
1915-560A    Object_00561              15560    1.00    0.10    0
1926-372A    Object_00562              26372    1.00    0.10    0
1923-717A    Object_00563              23717    1.00    0.10    0
1924-819A    Object_00564              24819    1.00    0.10    0
1957-045A    Object_00565              57045    1.00    0.10    0
1949-336A    Object_00566              49336    1.00    0.10    0
1928-899A    Object_00567              28899    1.00    0.10    0
1943-271A    Object_00568              43271    1.00    0.10    0
1942-741A    Object_00569              42741    1.00    0.10    0
1955-970A    Object_00570              55970    1.00    0.10    0
1940-663A    Object_00571              40663    1.00    0.10    0
1953-960A    Object_00572              53960    1.00    0.10    0
1921-055A    Object_00573              21055    1.00    0.10    0
1915-826A    Object_00574              15826    1.00    0.10    0
1923-670A    Object_00575              23670    1.00    0.10    0
1957-624A    Object_00576              57624    1.00    0.10    0
1940-425A    Object_00577              40425    1.00    0.10    0
1919-484A    Object_00578              19484    1.00    0.10    0
1920-570A    Object_00579              20570    1.00    0.10    0
1943-824A    Object_00580              43824    1.00    0.10    0
1920-643A    Object_00581              20643    1.00    0.10    0
1923-683A    Object_00582              23683    1.00    0.10    0
1923-010A    Object_00583              23010    1.00    0.10    0
1934-713A    Object_00584              34713    1.00    0.10    0
1913-651A    Object_00585              13651    1.00    0.10    0
1944-035A    Object_00586              44035    1.00    0.10    0
1925-045A    Object_00587              25045    1.00    0.10    0
1921-132A    Object_00588              21132    1.00    0.10    0
1921-703A    Object_00589              21703    1.00    0.10    0
1920-263A    Object_00590              20263    1.00    0.10    0
1941-589A    Object_00591              41589    1.00    0.10    0
1913-431A    Object_00592              13431    1.00    0.10    0
1910-787A    Object_00593              10787    1.00    0.10    0
1919-928A    Object_00594              19928    1.00    0.10    0
1928-659A    Object_00595              28659    1.00    0.10    0
1912-065A    Object_00596              12065    1.00    0.10    0
1920-801A    Object_00597              20801    1.00    0.10    0
1957-213A    Object_00598              57213    1.00    0.10    0
1954-048A    Object_00599              54048    1.00    0.10    0
1954-225A    Object_00600              54225    1.00    0.10    0
1907-250A    Object_00601              07250    1.00    0.10    0
1944-801A    Object_00602              44801    1.00    0.10    0
1910-778A    Object_00603              10778    1.00    0.10    0
1937-258A    Object_00604              37258    1.00    0.10    0
1944-334A    Object_00605              44334    1.00    0.10    0
1945-027A    Object_00606              45027    1.00    0.10    0
1953-765A    Object_00607              53765    1.00    0.10    0
1936-831A    Object_00608              36831    1.00    0.10    0
1946-113A    Object_00609              46113    1.00    0.10    0
1928-358A    Object_00610              28358    1.00    0.10    0
1955-841A    Object_00611              55841    1.00    0.10    0
1937-816A    Object_00612              37816    1.00    0.10    0
1946-114A    Object_00613              46114    1.00    0.10    0
1905-709A    Object_00614              05709    1.00    0.10    0
1960-086A    Object_00615              60086    1.00    0.10    0
1927-811A    Object_00616              27811    1.00    0.10    0
1950-214A    Object_00617              50214    1.00    0.10    0
1940-374A    Object_00618              40374    1.00    0.10    0
1941-036A    Object_00619              41036    1.00    0.10    0
1925-353A    Object_00620              25353    1.00    0.10    0
1938-254A    Object_00621              38254    1.00    0.10    0
1938-087A    Object_00622              38087    1.00    0.10    0
1910-942A    Object_00623              10942    1.00    0.10    0
1954-027A    Object_00624              54027    1.00    0.10    0
1928-134A    Object_00625              28134    1.00    0.10    0
1940-369A    Object_00626              40369    1.00    0.10    0
1942-432A    Object_00627              42432    1.00    0.10    0
1923-185A    Object_00628              23185    1.00    0.10    0
1949-055A    Object_00629              49055    1.00    0.10    0
1914-677A    Object_00630              14677    1.00    0.10    0
1961-503A    Object_00631              61503    1.00    0.10    0
1962-001A    Object_00632              62001    1.00    0.10    0
1925-110A    Object_00633              25110    1.00    0.10    0
1914-675A    Object_00634              14675    1.00    0.10    0
1927-775A    Object_00635              27775    1.00    0.10    0
1948-838A    Object_00636              48838    1.00    0.10    0
1923-741A    Object_00637              23741    1.00    0.10    0
1939-481A    Object_00638              39481    1.00    0.10    0
1937-834A    Object_00639              37834    1.00    0.10    0
1956-174A    Object_00640              56174    1.00    0.10    0
1954-244A    Object_00641              54244    1.00    0.10    0
1932-763A    Object_00642              32763    1.00    0.10    0
1941-937A    Object_00643              41937    1.00    0.10    0
1933-278A    Object_00644              33278    1.00    0.10    0
1922-927A    Object_00645              22927    1.00    0.10    0
1938-093A    Object_00646              38093    1.00    0.10    0
1904-068A    Object_00647              04068    1.00    0.10    0
1904-353A    Object_00648              04353    1.00    0.10    0
1922-911A    Object_00649              22911    1.00    0.10    0
1922-796A    Object_00650              22796    1.00    0.10    0
1943-633A    Object_00651              43633    1.00    0.10    0
1903-029A    Object_00652              03029    1.00    0.10    0
1904-902A    Object_00653              04902    1.00    0.10    0
1915-677A    Object_00654              15677    1.00    0.10    0
1928-868A    Object_00655              28868    1.00    0.10    0
1904-250A    Object_00656              04250    1.00    0.10    0
1935-491A    Object_00657              35491    1.00    0.10    0
1949-817A    Object_00658              49817    1.00    0.10    0
1905-587A    Object_00659              05587    1.00    0.10    0
1937-804A    Object_00660              37804    1.00    0.10    0
1915-237A    Object_00661              15237    1.00    0.10    0
1920-706A    Object_00662              20706    1.00    0.10    0
1920-266A    Object_00663              20266    1.00    0.10    0
1927-854A    Object_00664              27854    1.00    0.10    0
1927-954A    Object_00665              27954    1.00    0.10    0
1923-118A    Object_00666              23118    1.00    0.10    0
1932-951A    Object_00667              32951    1.00    0.10    0
1912-472A    Object_00668              12472    1.00    0.10    0
1908-808A    Object_00669              08808    1.00    0.10    0
1942-907A    Object_00670              42907    1.00    0.10    0
1902-969A    Object_00671              02969    1.00    0.10    0
1917-873A    Object_00672              17873    1.00    0.10    0
1942-763A    Object_00673              42763    1.00    0.10    0
1907-578A    Object_00674              07578    1.00    0.10    0
1909-047A    Object_00675              09047    1.00    0.10    0
1910-953A    Object_00676              10953    1.00    0.10    0
1926-388A    Object_00677              26388    1.00    0.10    0
1925-049A    Object_00678              25049    1.00    0.10    0
1912-003A    Object_00679              12003    1.00    0.10    0
1943-087A    Object_00680              43087    1.00    0.10    0
1939-504A    Object_00681              39504    1.00    0.10    0
1942-740A    Object_00682              42740    1.00    0.10    0
1927-566A    Object_00683              27566    1.00    0.10    0
1948-808A    Object_00684              48808    1.00    0.10    0
1923-327A    Object_00685              23327    1.00    0.10    0
1941-752A    Object_00686              41752    1.00    0.10    0
1941-793A    Object_00687              41793    1.00    0.10    0
1920-693A    Object_00688              20693    1.00    0.10    0
1922-836A    Object_00689              22836    1.00    0.10    0
1919-073A    Object_00690              19073    1.00    0.10    0
1921-111A    Object_00691              21111    1.00    0.10    0
1919-344A    Object_00692              19344    1.00    0.10    0
1919-710A    Object_00693              19710    1.00    0.10    0
1916-769A    Object_00694              16769    1.00    0.10    0
1913-069A    Object_00695              13069    1.00    0.10    0
1915-581A    Object_00696              15581    1.00    0.10    0
1914-548A    Object_00697              14548    1.00    0.10    0
1939-476A    Object_00698              39476    1.00    0.10    0
1915-057A    Object_00699              15057    1.00    0.10    0
1961-998A    Object_00700              61998    1.00    0.10    0
1913-129A    Object_00701              13129    1.00    0.10    0
1919-330A    Object_00702              19330    1.00    0.10    0
1908-476A    Object_00703              08476    1.00    0.10    0
1915-181A    Object_00704              15181    1.00    0.10    0
1940-940A    Object_00705              40940    1.00    0.10    0
1912-564A    Object_00706              12564    1.00    0.10    0
1942-747A    Object_00707              42747    1.00    0.10    0
1912-351A    Object_00708              12351    1.00    0.10    0
1910-016A    Object_00709              10016    1.00    0.10    0
1916-526A    Object_00710              16526    1.00    0.10    0
1915-543A    Object_00711              15543    1.00    0.10    0
1909-009A    Object_00712              09009    1.00    0.10    0
1949-333A    Object_00713              49333    1.00    0.10    0
1913-554A    Object_00714              13554    1.00    0.10    0
1943-611A    Object_00715              43611    1.00    0.10    0
1955-508A    Object_00716              55508    1.00    0.10    0
1959-346A    Object_00717              59346    1.00    0.10    0
1936-592A    Object_00718              36592    1.00    0.10    0
1941-029A    Object_00719              41029    1.00    0.10    0
1956-757A    Object_00720              56757    1.00    0.10    0
1939-215A    Object_00721              39215    1.00    0.10    0
1962-003A    Object_00722              62003    1.00    0.10    0
1936-097A    Object_00723              36097    1.00    0.10    0
1926-880A    Object_00724              26880    1.00    0.10    0
1928-526A    Object_00725              28526    1.00    0.10    0
1941-942A    Object_00726              41942    1.00    0.10    0
1923-967A    Object_00727              23967    1.00    0.10    0
1943-562A    Object_00728              43562    1.00    0.10    0
1903-431A    Object_00729              03431    1.00    0.10    0
1946-112A    Object_00730              46112    1.00    0.10    0
1941-903A    Object_00731              41903    1.00    0.10    0
1923-731A    Object_00732              23731    1.00    0.10    0
1915-642A    Object_00733              15642    1.00    0.10    0
1943-497A    Object_00734              43497    1.00    0.10    0
1922-316A    Object_00735              22316    1.00    0.10    0
1915-994A    Object_00736              15994    1.00    0.10    0
1941-893A    Object_00737              41893    1.00    0.10    0
1944-572A    Object_00738              44572    1.00    0.10    0
1921-762A    Object_00739              21762    1.00    0.10    0
1910-557A    Object_00740              10557    1.00    0.10    0
1913-631A    Object_00741              13631    1.00    0.10    0
1927-426A    Object_00742              27426    1.00    0.10    0
1918-631A    Object_00743              18631    1.00    0.10    0
1950-002A    Object_00744              50002    1.00    0.10    0
1906-437A    Object_00745              06437    1.00    0.10    0
1957-493A    Object_00746              57493    1.00    0.10    0
1939-256A    Object_00747              39256    1.00    0.10    0
1913-056A    Object_00748              13056    1.00    0.10    0
1926-580A    Object_00749              26580    1.00    0.10    0
1921-639A    Object_00750              21639    1.00    0.10    0
1961-994A    Object_00751              61994    1.00    0.10    0
1928-628A    Object_00752              28628    1.00    0.10    0
1925-516A    Object_00753              25516    1.00    0.10    0
1914-318A    Object_00754              14318    1.00    0.10    0
1940-882A    Object_00755              40882    1.00    0.10    0
1936-108A    Object_00756              36108    1.00    0.10    0
1911-560A    Object_00757              11560    1.00    0.10    0
1925-019A    Object_00758              25019    1.00    0.10    0
1919-913A    Object_00759              19913    1.00    0.10    0
1927-691A    Object_00760              27691    1.00    0.10    0
1939-222A    Object_00761              39222    1.00    0.10    0
1955-971A    Object_00762              55971    1.00    0.10    0
1943-450A    Object_00763              43450    1.00    0.10    0
1939-613A    Object_00764              39613    1.00    0.10    0
1926-052A    Object_00765              26052    1.00    0.10    0
1944-582A    Object_00766              44582    1.00    0.10    0
1928-446A    Object_00767              28446    1.00    0.10    0
1919-483A    Object_00768              19483    1.00    0.10    0
1919-596A    Object_00769              19596    1.00    0.10    0
1941-121A    Object_00770              41121    1.00    0.10    0
1907-790A    Object_00771              07790    1.00    0.10    0
1914-867A    Object_00772              14867    1.00    0.10    0
1941-747A    Object_00773              41747    1.00    0.10    0
1939-022A    Object_00774              39022    1.00    0.10    0
1943-698A    Object_00775              43698    1.00    0.10    0
1940-332A    Object_00776              40332    1.00    0.10    0
1923-568A    Object_00777              23568    1.00    0.10    0
1942-709A    Object_00778              42709    1.00    0.10    0
1927-813A    Object_00779              27813    1.00    0.10    0
1954-026A    Object_00780              54026    1.00    0.10    0
1925-318A    Object_00781              25318    1.00    0.10    0
1936-499A    Object_00782              36499    1.00    0.10    0
1911-436A    Object_00783              11436    1.00    0.10    0
1936-131A    Object_00784              36131    1.00    0.10    0
1940-271A    Object_00785              40271    1.00    0.10    0
1912-309A    Object_00786              12309    1.00    0.10    0
1961-996A    Object_00787              61996    1.00    0.10    0
1924-740A    Object_00788              24740    1.00    0.10    0
1915-825A    Object_00789              15825    1.00    0.10    0
1940-895A    Object_00790              40895    1.00    0.10    0
1938-977A    Object_00791              38977    1.00    0.10    0
1943-039A    Object_00792              43039    1.00    0.10    0
1943-228A    Object_00793              43228    1.00    0.10    0
1933-153A    Object_00794              33153    1.00    0.10    0
1934-111A    Object_00795              34111    1.00    0.10    0
1932-258A    Object_00796              32258    1.00    0.10    0
1939-172A    Object_00797              39172    1.00    0.10    0
1922-723A    Object_00798              22723    1.00    0.10    0
1918-951A    Object_00799              18951    1.00    0.10    0
1920-499A    Object_00800              20499    1.00    0.10    0
1959-982A    Object_00801              59982    1.00    0.10    0
1923-267A    Object_00802              23267    1.00    0.10    0
1952-255A    Object_00803              52255    1.00    0.10    0
1941-904A    Object_00804              41904    1.00    0.10    0
1908-585A    Object_00805              08585    1.00    0.10    0
1933-376A    Object_00806              33376    1.00    0.10    0
1932-729A    Object_00807              32729    1.00    0.10    0
1909-852A    Object_00808              09852    1.00    0.10    0
1952-817A    Object_00809              52817    1.00    0.10    0
1940-875A    Object_00810              40875    1.00    0.10    0
1940-424A    Object_00811              40424    1.00    0.10    0
1939-163A    Object_00812              39163    1.00    0.10    0
1939-299A    Object_00813              39299    1.00    0.10    0
1937-836A    Object_00814              37836    1.00    0.10    0
1938-101A    Object_00815              38101    1.00    0.10    0
1918-446A    Object_00816              18446    1.00    0.10    0
1924-313A    Object_00817              24313    1.00    0.10    0
1926-056A    Object_00818              26056    1.00    0.10    0
1938-104A    Object_00819              38104    1.00    0.10    0
1905-854A    Object_00820              05854    1.00    0.10    0
1936-828A    Object_00821              36828    1.00    0.10    0
1921-765A    Object_00822              21765    1.00    0.10    0
1950-001A    Object_00823              50001    1.00    0.10    0
1937-763A    Object_00824              37763    1.00    0.10    0
1924-653A    Object_00825              24653    1.00    0.10    0
1921-019A    Object_00826              21019    1.00    0.10    0
1919-548A    Object_00827              19548    1.00    0.10    0
1928-161A    Object_00828              28161    1.00    0.10    0
1939-078A    Object_00829              39078    1.00    0.10    0
1939-008A    Object_00830              39008    1.00    0.10    0
1940-333A    Object_00831              40333    1.00    0.10    0
1943-651A    Object_00832              43651    1.00    0.10    0
1933-207A    Object_00833              33207    1.00    0.10    0
1935-496A    Object_00834              35496    1.00    0.10    0
1912-932A    Object_00835              12932    1.00    0.10    0
1925-126A    Object_00836              25126    1.00    0.10    0
1922-871A    Object_00837              22871    1.00    0.10    0
1921-227A    Object_00838              21227    1.00    0.10    0
1955-506A    Object_00839              55506    1.00    0.10    0
1927-168A    Object_00840              27168    1.00    0.10    0
1913-652A    Object_00841              13652    1.00    0.10    0
1941-592A    Object_00842              41592    1.00    0.10    0
1921-904A    Object_00843              21904    1.00    0.10    0
1941-866A    Object_00844              41866    1.00    0.10    0
1939-122A    Object_00845              39122    1.00    0.10    0
1960-133A    Object_00846              60133    1.00    0.10    0
1927-632A    Object_00847              27632    1.00    0.10    0
1924-674A    Object_00848              24674    1.00    0.10    0
1923-768A    Object_00849              23768    1.00    0.10    0
1926-695A    Object_00850              26695    1.00    0.10    0
1917-939A    Object_00851              17939    1.00    0.10    0
1923-330A    Object_00852              23330    1.00    0.10    0
1913-630A    Object_00853              13630    1.00    0.10    0
1916-214A    Object_00854              16214    1.00    0.10    0
1911-669A    Object_00855              11669    1.00    0.10    0
1912-855A    Object_00856              12855    1.00    0.10    0
1944-709A    Object_00857              44709    1.00    0.10    0
1913-035A    Object_00858              13035    1.00    0.10    0
1914-365A    Object_00859              14365    1.00    0.10    0
1936-830A    Object_00860              36830    1.00    0.10    0
1922-787A    Object_00861              22787    1.00    0.10    0
1954-259A    Object_00862              54259    1.00    0.10    0
1926-477A    Object_00863              26477    1.00    0.10    0
1935-362A    Object_00864              35362    1.00    0.10    0
1940-746A    Object_00865              40746    1.00    0.10    0
1940-733A    Object_00866              40733    1.00    0.10    0
1914-134A    Object_00867              14134    1.00    0.10    0
1915-308A    Object_00868              15308    1.00    0.10    0
1921-789A    Object_00869              21789    1.00    0.10    0
1940-384A    Object_00870              40384    1.00    0.10    0
1940-874A    Object_00871              40874    1.00    0.10    0
1939-168A    Object_00872              39168    1.00    0.10    0
1914-158A    Object_00873              14158    1.00    0.10    0
1921-922A    Object_00874              21922    1.00    0.10    0
1939-617A    Object_00875              39617    1.00    0.10    0
1920-776A    Object_00876              20776    1.00    0.10    0
1936-745A    Object_00877              36745    1.00    0.10    0
1940-364A    Object_00878              40364    1.00    0.10    0
1938-778A    Object_00879              38778    1.00    0.10    0
1908-838A    Object_00880              08838    1.00    0.10    0
1920-523A    Object_00881              20523    1.00    0.10    0
1926-895A    Object_00882              26895    1.00    0.10    0
1906-052A    Object_00883              06052    1.00    0.10    0
1928-626A    Object_00884              28626    1.00    0.10    0
1924-936A    Object_00885              24936    1.00    0.10    0
1939-360A    Object_00886              39360    1.00    0.10    0
1923-712A    Object_00887              23712    1.00    0.10    0
1938-551A    Object_00888              38551    1.00    0.10    0
1937-185A    Object_00889              37185    1.00    0.10    0
1927-380A    Object_00890              27380    1.00    0.10    0
1922-115A    Object_00891              22115    1.00    0.10    0
1915-484A    Object_00892              15484    1.00    0.10    0
1922-988A    Object_00893              22988    1.00    0.10    0
1920-662A    Object_00894              20662    1.00    0.10    0
1940-941A    Object_00895              40941    1.00    0.10    0
1938-779A    Object_00896              38779    1.00    0.10    0
1949-011A    Object_00897              49011    1.00    0.10    0
1925-315A    Object_00898              25315    1.00    0.10    0
1923-132A    Object_00899              23132    1.00    0.10    0
1940-984A    Object_00900              40984    1.00    0.10    0
1923-656A    Object_00901              23656    1.00    0.10    0
1921-038A    Object_00902              21038    1.00    0.10    0
1942-698A    Object_00903              42698    1.00    0.10    0
1943-333A    Object_00904              43333    1.00    0.10    0
1904-511A    Object_00905              04511    1.00    0.10    0
1907-547A    Object_00906              07547    1.00    0.10    0
1927-438A    Object_00907              27438    1.00    0.10    0
1926-08A     Object_00908              2608     1.00    0.10    0
1908-132A    Object_00909              08132    1.00    0.10    0
1938-740A    Object_00910              38740    1.00    0.10    0
1943-867A    Object_00911              43867    1.00    0.10    0
1938-072A    Object_00912              38072    1.00    0.10    0
1925-894A    Object_00913              25894    1.00    0.10    0
1937-806A    Object_00914              37806    1.00    0.10    0
1904-376A    Object_00915              04376    1.00    0.10    0
1926-298A    Object_00916              26298    1.00    0.10    0
1933-436A    Object_00917              33436    1.00    0.10    0
1914-899A    Object_00918              14899    1.00    0.10    0
1925-896A    Object_00919              25896    1.00    0.10    0
1911-158A    Object_00920              11158    1.00    0.10    0
1931-306A    Object_00921              31306    1.00    0.10    0
1911-940A    Object_00922              11940    1.00    0.10    0
1912-994A    Object_00923              12994    1.00    0.10    0
1920-473A    Object_00924              20473    1.00    0.10    0
1924-435A    Object_00925              24435    1.00    0.10    0
1957-479A    Object_00926              57479    1.00    0.10    0
1924-307A    Object_00927              24307    1.00    0.10    0
1919-983A    Object_00928              19983    1.00    0.10    0
1920-367A    Object_00929              20367    1.00    0.10    0
1920-107A    Object_00930              20107    1.00    0.10    0
1938-245A    Object_00931              38245    1.00    0.10    0
1937-344A    Object_00932              37344    1.00    0.10    0
1936-516A    Object_00933              36516    1.00    0.10    0
1942-692A    Object_00934              42692    1.00    0.10    0
1910-637A    Object_00935              10637    1.00    0.10    0
1952-933A    Object_00936              52933    1.00    0.10    0
1923-713A    Object_00937              23713    1.00    0.10    0
1921-016A    Object_00938              21016    1.00    0.10    0
1922-989A    Object_00939              22989    1.00    0.10    0
1906-317A    Object_00940              06317    1.00    0.10    0
1961-733A    Object_00941              61733    1.00    0.10    0
1926-108A    Object_00942              26108    1.00    0.10    0
1944-071A    Object_00943              44071    1.00    0.10    0
1922-981A    Object_00944              22981    1.00    0.10    0
1928-542A    Object_00945              28542    1.00    0.10    0
1938-695A    Object_00946              38695    1.00    0.10    0
1922-916A    Object_00947              22916    1.00    0.10    0
1937-843A    Object_00948              37843    1.00    0.10    0
1939-689A    Object_00949              39689    1.00    0.10    0
1926-716A    Object_00950              26716    1.00    0.10    0
1941-588A    Object_00951              41588    1.00    0.10    0
1926-394A    Object_00952              26394    1.00    0.10    0
1928-945A    Object_00953              28945    1.00    0.10    0
1940-146A    Object_00954              40146    1.00    0.10    0
1943-646A    Object_00955              43646    1.00    0.10    0
1961-988A    Object_00956              61988    1.00    0.10    0
1926-460A    Object_00957              26460    1.00    0.10    0
1925-371A    Object_00958              25371    1.00    0.10    0
1923-426A    Object_00959              23426    1.00    0.10    0
1923-322A    Object_00960              23322    1.00    0.10    0
1920-040A    Object_00961              20040    1.00    0.10    0
1927-712A    Object_00962              27712    1.00    0.10    0
1956-371A    Object_00963              56371    1.00    0.10    0
1926-736A    Object_00964              26736    1.00    0.10    0
1922-557A    Object_00965              22557    1.00    0.10    0
1922-839A    Object_00966              22839    1.00    0.10    0
1923-451A    Object_00967              23451    1.00    0.10    0
1920-502A    Object_00968              20502    1.00    0.10    0
1920-953A    Object_00969              20953    1.00    0.10    0
1918-316A    Object_00970              18316    1.00    0.10    0
1944-625A    Object_00971              44625    1.00    0.10    0
1926-824A    Object_00972              26824    1.00    0.10    0
1925-337A    Object_00973              25337    1.00    0.10    0
1914-195A    Object_00974              14195    1.00    0.10    0
1923-247A    Object_00975              23247    1.00    0.10    0
1928-119A    Object_00976              28119    1.00    0.10    0
1919-217A    Object_00977              19217    1.00    0.10    0
1941-471A    Object_00978              41471    1.00    0.10    0
1918-387A    Object_00979              18387    1.00    0.10    0
1926-939A    Object_00980              26939    1.00    0.10    0
1922-883A    Object_00981              22883    1.00    0.10    0
1914-985A    Object_00982              14985    1.00    0.10    0
1920-696A    Object_00983              20696    1.00    0.10    0
1916-275A    Object_00984              16275    1.00    0.10    0
1923-615A    Object_00985              23615    1.00    0.10    0
1957-214A    Object_00986              57214    1.00    0.10    0
1915-678A    Object_00987              15678    1.00    0.10    0
1960-233A    Object_00988              60233    1.00    0.10    0
1942-070A    Object_00989              42070    1.00    0.10    0
1917-125A    Object_00990              17125    1.00    0.10    0
1925-900A    Object_00991              25900    1.00    0.10    0
1922-966A    Object_00992              22966    1.00    0.10    0
1916-116A    Object_00993              16116    1.00    0.10    0
1916-274A    Object_00994              16274    1.00    0.10    0
1908-516A    Object_00995              08516    1.00    0.10    0
1925-349A    Object_00996              25349    1.00    0.10    0
1945-986A    Object_00997              45986    1.00    0.10    0
1914-377A    Object_00998              14377    1.00    0.10    0
1939-728A    Object_00999              39728    1.00    0.10    0
1936-395A    Object_01000              36395    1.00    0.10    0
1961-910A    Object_01001              61910    1.00    0.10    0
1901-317A    Object_01002              01317    1.00    0.10    0
1947-240A    Object_01003              47240    1.00    0.10    0
1944-065A    Object_01004              44065    1.00    0.10    0
1939-688A    Object_01005              39688    1.00    0.10    0
1908-746A    Object_01006              08746    1.00    0.10    0
1908-747A    Object_01007              08747    1.00    0.10    0
1926-883A    Object_01008              26883    1.00    0.10    0
1915-152A    Object_01009              15152    1.00    0.10    0
1939-297A    Object_01010              39297    1.00    0.10    0
1925-639A    Object_01011              25639    1.00    0.10    0
1900-634A    Object_01012              00634    1.00    0.10    0
1939-199A    Object_01013              39199    1.00    0.10    0
1922-175A    Object_01014              22175    1.00    0.10    0
1920-357A    Object_01015              20357    1.00    0.10    0
1914-234A    Object_01016              14234    1.00    0.10    0
1956-372A    Object_01017              56372    1.00    0.10    0
1916-649A    Object_01018              16649    1.00    0.10    0
1962-028A    Object_01019              62028    1.00    0.10    0
1943-339A    Object_01020              43339    1.00    0.10    0
1913-984A    Object_01021              13984    1.00    0.10    0
1916-482A    Object_01022              16482    1.00    0.10    0
1922-907A    Object_01023              22907    1.00    0.10    0
1916-276A    Object_01024              16276    1.00    0.10    0
1951-280A    Object_01025              51280    1.00    0.10    0
1955-263A    Object_01026              55263    1.00    0.10    0
1941-581A    Object_01027              41581    1.00    0.10    0
1951-281A    Object_01028              51281    1.00    0.10    0
1941-745A    Object_01029              41745    1.00    0.10    0
1928-946A    Object_01030              28946    1.00    0.10    0
1941-744A    Object_01031              41744    1.00    0.10    0
1937-392A    Object_01032              37392    1.00    0.10    0
1943-286A    Object_01033              43286    1.00    0.10    0
1962-000A    Object_01034              62000    1.00    0.10    0
1962-002A    Object_01035              62002    1.00    0.10    0
1940-000A    Object_01036              40000    1.00    0.10    0
1928-912A    Object_01037              28912    1.00    0.10    0
1955-138A    Object_01038              55138    1.00    0.10    0
1900-858A    Object_01039              00858    1.00    0.10    0
1943-355A    Object_01040              43355    1.00    0.10    0
1959-987A    Object_01041              59987    1.00    0.10    0
1955-000A    Object_01042              55000    1.00    0.10    0
1953-647A    Object_01043              53647    1.00    0.10    0
1940-987A    Object_01044              40987    1.00    0.10    0
1933-000A    Object_01045              33000    1.00    0.10    0
1938-696A    Object_01046              38696    1.00    0.10    0
1945-488A    Object_01047              45488    1.00    0.10    0
1933-519A    Object_01048              33519    1.00    0.10    0
1903-430A    Object_01049              03430    1.00    0.10    0
1911-890A    Object_01050              11890    1.00    0.10    0